mode: set
github.com/apimgr/search/src/banner/ascii.go:31.32,32.9 1 1
github.com/apimgr/search/src/banner/ascii.go:33.18,34.18 1 1
github.com/apimgr/search/src/banner/ascii.go:35.18,36.19 1 1
github.com/apimgr/search/src/banner/ascii.go:37.18,38.18 1 1
github.com/apimgr/search/src/banner/ascii.go:39.10,40.13 1 1
github.com/apimgr/search/src/banner/ascii.go:45.36,47.27 2 1
github.com/apimgr/search/src/banner/ascii.go:47.27,48.27 1 1
github.com/apimgr/search/src/banner/ascii.go:48.27,50.4 1 1
github.com/apimgr/search/src/banner/ascii.go:52.2,52.17 1 1
github.com/apimgr/search/src/banner/ascii.go:56.50,58.23 2 1
github.com/apimgr/search/src/banner/ascii.go:58.23,60.3 1 1
github.com/apimgr/search/src/banner/ascii.go:62.2,64.31 3 1
github.com/apimgr/search/src/banner/ascii.go:64.31,66.3 1 1
github.com/apimgr/search/src/banner/ascii.go:68.2,69.27 2 1
github.com/apimgr/search/src/banner/ascii.go:69.27,71.3 1 1
github.com/apimgr/search/src/banner/ascii.go:72.2,72.17 1 1
github.com/apimgr/search/src/banner/banner.go:30.24,33.2 2 1
github.com/apimgr/search/src/banner/banner.go:36.56,37.9 1 1
github.com/apimgr/search/src/banner/banner.go:38.41,39.17 1 1
github.com/apimgr/search/src/banner/banner.go:40.40,41.20 1 0
github.com/apimgr/search/src/banner/banner.go:42.40,43.20 1 0
github.com/apimgr/search/src/banner/banner.go:44.10,45.18 1 0
github.com/apimgr/search/src/banner/banner.go:50.28,78.19 16 1
github.com/apimgr/search/src/banner/banner.go:78.19,80.3 1 1
github.com/apimgr/search/src/banner/banner.go:81.2,93.23 5 1
github.com/apimgr/search/src/banner/banner.go:93.23,95.32 2 1
github.com/apimgr/search/src/banner/banner.go:95.32,97.4 1 1
github.com/apimgr/search/src/banner/banner.go:98.3,98.39 1 1
github.com/apimgr/search/src/banner/banner.go:102.2,102.46 1 1
github.com/apimgr/search/src/banner/banner.go:102.46,107.3 4 1
github.com/apimgr/search/src/banner/banner.go:110.2,110.43 1 1
github.com/apimgr/search/src/banner/banner.go:110.43,114.3 3 1
github.com/apimgr/search/src/banner/banner.go:117.2,117.26 1 1
github.com/apimgr/search/src/banner/banner.go:117.26,120.3 2 1
github.com/apimgr/search/src/banner/banner.go:123.2,123.19 1 1
github.com/apimgr/search/src/banner/banner.go:123.19,126.3 2 1
github.com/apimgr/search/src/banner/banner.go:129.2,130.15 2 1
github.com/apimgr/search/src/banner/banner.go:134.54,140.17 3 1
github.com/apimgr/search/src/banner/banner.go:140.17,143.3 2 1
github.com/apimgr/search/src/banner/banner.go:144.2,144.81 1 1
github.com/apimgr/search/src/banner/banner.go:148.31,152.20 3 1
github.com/apimgr/search/src/banner/banner.go:152.20,154.32 2 1
github.com/apimgr/search/src/banner/banner.go:154.32,156.4 1 1
github.com/apimgr/search/src/banner/banner.go:157.3,157.57 1 1
github.com/apimgr/search/src/banner/banner.go:160.2,160.31 1 1
github.com/apimgr/search/src/banner/banner.go:160.31,162.3 1 1
github.com/apimgr/search/src/banner/banner.go:164.2,164.43 1 1
github.com/apimgr/search/src/banner/banner.go:164.43,168.3 3 1
github.com/apimgr/search/src/banner/banner.go:169.2,169.15 1 1
github.com/apimgr/search/src/banner/banner.go:173.31,175.23 2 1
github.com/apimgr/search/src/banner/banner.go:175.23,178.3 1 1
github.com/apimgr/search/src/banner/banner.go:179.2,179.43 1 1
github.com/apimgr/search/src/banner/banner.go:179.43,181.3 1 1
github.com/apimgr/search/src/banner/banner.go:185.29,186.23 1 1
github.com/apimgr/search/src/banner/banner.go:186.23,188.3 1 1
github.com/apimgr/search/src/banner/banner.go:188.8,190.3 1 1
github.com/apimgr/search/src/banner/banner.go:194.41,199.47 3 1
github.com/apimgr/search/src/banner/banner.go:199.47,201.3 1 1
github.com/apimgr/search/src/banner/banner.go:202.2,202.12 1 1
github.com/apimgr/search/src/banner/banner.go:206.36,208.2 1 1
github.com/apimgr/search/src/banner/banner.go:211.28,213.2 1 1
github.com/apimgr/search/src/banner/banner.go:216.31,218.2 1 1
github.com/apimgr/search/src/banner/banner.go:221.31,223.2 1 1
github.com/apimgr/search/src/banner/banner.go:226.28,228.2 1 1
github.com/apimgr/search/src/api/api.go:43.105,50.2 1 1
github.com/apimgr/search/src/api/api.go:53.56,55.2 1 1
github.com/apimgr/search/src/api/api.go:58.58,60.2 1 1
github.com/apimgr/search/src/api/api.go:63.56,65.2 1 0
github.com/apimgr/search/src/api/api.go:68.66,70.2 1 1
github.com/apimgr/search/src/api/api.go:73.54,113.2 20 1
github.com/apimgr/search/src/api/api.go:294.73,310.37 10 1
github.com/apimgr/search/src/api/api.go:310.37,312.3 1 1
github.com/apimgr/search/src/api/api.go:314.2,352.54 3 1
github.com/apimgr/search/src/api/api.go:352.54,354.3 1 1
github.com/apimgr/search/src/api/api.go:357.2,361.19 1 1
github.com/apimgr/search/src/api/api.go:361.19,363.26 1 1
github.com/apimgr/search/src/api/api.go:363.26,365.4 1 1
github.com/apimgr/search/src/api/api.go:366.3,366.42 1 1
github.com/apimgr/search/src/api/api.go:372.78,373.32 1 1
github.com/apimgr/search/src/api/api.go:373.32,380.3 2 1
github.com/apimgr/search/src/api/api.go:383.2,384.18 2 1
github.com/apimgr/search/src/api/api.go:384.18,386.3 1 1
github.com/apimgr/search/src/api/api.go:387.2,410.4 13 1
github.com/apimgr/search/src/api/api.go:413.70,446.2 4 1
github.com/apimgr/search/src/api/api.go:448.72,454.33 3 1
github.com/apimgr/search/src/api/api.go:454.33,455.62 1 1
github.com/apimgr/search/src/api/api.go:455.62,458.4 2 1
github.com/apimgr/search/src/api/api.go:460.3,460.43 1 1
github.com/apimgr/search/src/api/api.go:461.8,469.3 6 1
github.com/apimgr/search/src/api/api.go:472.2,472.21 1 1
github.com/apimgr/search/src/api/api.go:472.21,475.3 2 1
github.com/apimgr/search/src/api/api.go:478.2,478.24 1 1
github.com/apimgr/search/src/api/api.go:478.24,480.3 1 1
github.com/apimgr/search/src/api/api.go:481.2,481.19 1 1
github.com/apimgr/search/src/api/api.go:481.19,483.3 1 1
github.com/apimgr/search/src/api/api.go:484.2,484.39 1 1
github.com/apimgr/search/src/api/api.go:484.39,486.3 1 1
github.com/apimgr/search/src/api/api.go:489.2,490.22 2 1
github.com/apimgr/search/src/api/api.go:491.16,492.34 1 1
github.com/apimgr/search/src/api/api.go:493.16,494.34 1 1
github.com/apimgr/search/src/api/api.go:495.14,496.32 1 1
github.com/apimgr/search/src/api/api.go:497.14,498.32 1 1
github.com/apimgr/search/src/api/api.go:499.10,500.35 1 1
github.com/apimgr/search/src/api/api.go:504.2,509.16 5 1
github.com/apimgr/search/src/api/api.go:509.16,512.3 2 1
github.com/apimgr/search/src/api/api.go:515.2,516.41 2 0
github.com/apimgr/search/src/api/api.go:516.41,517.21 1 0
github.com/apimgr/search/src/api/api.go:517.21,518.9 1 0
github.com/apimgr/search/src/api/api.go:520.3,529.5 1 0
github.com/apimgr/search/src/api/api.go:533.2,534.40 2 0
github.com/apimgr/search/src/api/api.go:534.40,536.3 1 0
github.com/apimgr/search/src/api/api.go:538.2,557.4 1 0
github.com/apimgr/search/src/api/api.go:561.78,563.2 1 1
github.com/apimgr/search/src/api/api.go:565.78,567.17 2 1
github.com/apimgr/search/src/api/api.go:567.17,574.3 2 1
github.com/apimgr/search/src/api/api.go:577.2,583.4 2 1
github.com/apimgr/search/src/api/api.go:587.92,594.16 4 1
github.com/apimgr/search/src/api/api.go:594.16,596.3 1 0
github.com/apimgr/search/src/api/api.go:598.2,601.16 3 1
github.com/apimgr/search/src/api/api.go:601.16,603.3 1 0
github.com/apimgr/search/src/api/api.go:604.2,606.38 2 1
github.com/apimgr/search/src/api/api.go:606.38,608.3 1 0
github.com/apimgr/search/src/api/api.go:611.2,612.67 2 1
github.com/apimgr/search/src/api/api.go:612.67,614.3 1 0
github.com/apimgr/search/src/api/api.go:616.2,616.21 1 1
github.com/apimgr/search/src/api/api.go:616.21,618.3 1 0
github.com/apimgr/search/src/api/api.go:620.2,621.9 2 1
github.com/apimgr/search/src/api/api.go:621.9,623.3 1 0
github.com/apimgr/search/src/api/api.go:625.2,626.35 2 1
github.com/apimgr/search/src/api/api.go:626.35,627.32 1 1
github.com/apimgr/search/src/api/api.go:627.32,629.4 1 1
github.com/apimgr/search/src/api/api.go:633.2,633.27 1 1
github.com/apimgr/search/src/api/api.go:633.27,635.3 1 0
github.com/apimgr/search/src/api/api.go:637.2,637.20 1 1
github.com/apimgr/search/src/api/api.go:640.73,644.33 3 1
github.com/apimgr/search/src/api/api.go:644.33,647.17 3 0
github.com/apimgr/search/src/api/api.go:647.17,648.39 1 0
github.com/apimgr/search/src/api/api.go:648.39,650.5 1 0
github.com/apimgr/search/src/api/api.go:653.3,659.5 1 0
github.com/apimgr/search/src/api/api.go:662.2,666.4 1 1
github.com/apimgr/search/src/api/api.go:669.76,675.14 4 1
github.com/apimgr/search/src/api/api.go:675.14,678.3 2 1
github.com/apimgr/search/src/api/api.go:680.2,681.16 2 1
github.com/apimgr/search/src/api/api.go:681.16,684.3 2 1
github.com/apimgr/search/src/api/api.go:686.2,688.16 3 0
github.com/apimgr/search/src/api/api.go:688.16,689.38 1 0
github.com/apimgr/search/src/api/api.go:689.38,691.4 1 0
github.com/apimgr/search/src/api/api.go:694.2,704.4 1 0
github.com/apimgr/search/src/api/api.go:707.76,721.2 2 1
github.com/apimgr/search/src/api/api.go:726.85,733.2 6 1
github.com/apimgr/search/src/api/api.go:737.80,744.2 5 1
github.com/apimgr/search/src/api/api.go:748.136,751.37 2 1
github.com/apimgr/search/src/api/api.go:751.37,754.3 2 1
github.com/apimgr/search/src/api/api.go:757.2,758.93 2 1
github.com/apimgr/search/src/api/api.go:758.93,761.3 2 1
github.com/apimgr/search/src/api/api.go:764.2,765.62 2 1
github.com/apimgr/search/src/api/api.go:765.62,768.3 2 1
github.com/apimgr/search/src/api/api.go:771.2,771.33 1 1
github.com/apimgr/search/src/api/api.go:776.44,777.37 1 1
github.com/apimgr/search/src/api/api.go:777.37,779.3 1 1
github.com/apimgr/search/src/api/api.go:780.2,780.13 1 1
github.com/apimgr/search/src/api/api.go:786.87,799.2 2 1
github.com/apimgr/search/src/api/api.go:801.58,806.14 4 1
github.com/apimgr/search/src/api/api.go:806.14,808.3 1 1
github.com/apimgr/search/src/api/api.go:809.2,809.15 1 1
github.com/apimgr/search/src/api/api.go:809.15,811.3 1 1
github.com/apimgr/search/src/api/api.go:812.2,812.36 1 1
github.com/apimgr/search/src/api/api.go:815.48,817.14 2 1
github.com/apimgr/search/src/api/api.go:817.14,819.3 1 1
github.com/apimgr/search/src/api/api.go:820.2,821.42 2 1
github.com/apimgr/search/src/api/api.go:821.42,824.3 2 1
github.com/apimgr/search/src/api/api.go:825.2,825.72 1 1
github.com/apimgr/search/src/api/api.go:829.44,833.2 1 1
github.com/apimgr/search/src/api/api.go:837.44,839.38 1 1
github.com/apimgr/search/src/api/api.go:839.38,841.3 1 1
github.com/apimgr/search/src/api/api.go:842.2,842.10 1 1
github.com/apimgr/search/src/api/api.go:847.42,849.38 1 1
github.com/apimgr/search/src/api/api.go:849.38,851.3 1 1
github.com/apimgr/search/src/api/api.go:852.2,852.10 1 1
github.com/apimgr/search/src/api/api.go:857.46,860.2 1 1
github.com/apimgr/search/src/api/api.go:862.42,866.48 3 1
github.com/apimgr/search/src/api/api.go:866.48,868.3 1 1
github.com/apimgr/search/src/api/api.go:869.2,869.15 1 1
github.com/apimgr/search/src/api/api.go:873.36,875.2 1 1
github.com/apimgr/search/src/api/api.go:887.71,895.20 3 1
github.com/apimgr/search/src/api/api.go:895.20,897.27 2 1
github.com/apimgr/search/src/api/api.go:897.27,898.30 1 1
github.com/apimgr/search/src/api/api.go:898.30,900.5 1 1
github.com/apimgr/search/src/api/api.go:902.3,902.19 1 1
github.com/apimgr/search/src/api/api.go:906.2,907.18 2 1
github.com/apimgr/search/src/api/api.go:907.18,910.27 3 1
github.com/apimgr/search/src/api/api.go:910.27,912.55 1 1
github.com/apimgr/search/src/api/api.go:912.55,914.5 1 1
github.com/apimgr/search/src/api/api.go:916.3,916.19 1 1
github.com/apimgr/search/src/api/api.go:919.2,931.4 1 1
github.com/apimgr/search/src/api/api.go:935.35,1011.2 1 1
github.com/apimgr/search/src/api/api.go:1024.79,1028.17 3 1
github.com/apimgr/search/src/api/api.go:1028.17,1031.3 2 1
github.com/apimgr/search/src/api/api.go:1033.2,1033.29 1 1
github.com/apimgr/search/src/api/api.go:1033.29,1046.3 2 1
github.com/apimgr/search/src/api/api.go:1048.2,1052.16 4 0
github.com/apimgr/search/src/api/api.go:1052.16,1055.3 2 0
github.com/apimgr/search/src/api/api.go:1057.2,1057.19 1 0
github.com/apimgr/search/src/api/api.go:1057.19,1070.3 2 0
github.com/apimgr/search/src/api/api.go:1072.2,1087.4 1 0
github.com/apimgr/search/src/api/api.go:1106.78,1110.32 2 0
github.com/apimgr/search/src/api/api.go:1110.32,1113.3 2 0
github.com/apimgr/search/src/api/api.go:1116.2,1118.56 3 0
github.com/apimgr/search/src/api/api.go:1118.56,1121.3 2 0
github.com/apimgr/search/src/api/api.go:1123.2,1125.16 3 0
github.com/apimgr/search/src/api/api.go:1125.16,1127.3 1 0
github.com/apimgr/search/src/api/api.go:1128.2,1130.16 2 0
github.com/apimgr/search/src/api/api.go:1130.16,1133.3 2 0
github.com/apimgr/search/src/api/api.go:1135.2,1135.28 1 0
github.com/apimgr/search/src/api/api.go:1135.28,1150.3 2 0
github.com/apimgr/search/src/api/api.go:1152.2,1156.16 4 0
github.com/apimgr/search/src/api/api.go:1156.16,1159.3 2 0
github.com/apimgr/search/src/api/api.go:1161.2,1161.19 1 0
github.com/apimgr/search/src/api/api.go:1161.19,1175.3 2 0
github.com/apimgr/search/src/api/api.go:1178.2,1179.55 2 0
github.com/apimgr/search/src/api/api.go:1179.55,1181.3 1 0
github.com/apimgr/search/src/api/api.go:1183.2,1202.4 1 0
github.com/apimgr/search/src/api/api.go:1212.81,1216.17 3 1
github.com/apimgr/search/src/api/api.go:1216.17,1219.3 2 1
github.com/apimgr/search/src/api/api.go:1222.2,1223.60 2 1
github.com/apimgr/search/src/api/api.go:1223.60,1224.71 1 1
github.com/apimgr/search/src/api/api.go:1224.71,1226.4 1 1
github.com/apimgr/search/src/api/api.go:1230.2,1230.30 1 1
github.com/apimgr/search/src/api/api.go:1230.30,1244.3 2 1
github.com/apimgr/search/src/api/api.go:1246.2,1250.16 4 0
github.com/apimgr/search/src/api/api.go:1250.16,1253.3 2 0
github.com/apimgr/search/src/api/api.go:1255.2,1255.24 1 0
github.com/apimgr/search/src/api/api.go:1255.24,1257.3 1 0
github.com/apimgr/search/src/api/api.go:1259.2,1270.4 1 0
github.com/apimgr/search/src/api/api.go:1292.77,1293.32 1 0
github.com/apimgr/search/src/api/api.go:1293.32,1296.3 2 0
github.com/apimgr/search/src/api/api.go:1298.2,1299.19 2 0
github.com/apimgr/search/src/api/api.go:1299.19,1301.3 1 0
github.com/apimgr/search/src/api/api.go:1303.2,1323.33 3 0
github.com/apimgr/search/src/api/api.go:1323.33,1325.3 1 0
github.com/apimgr/search/src/api/api.go:1327.2,1337.4 1 0
github.com/apimgr/search/src/api/api.go:1342.79,1343.32 1 0
github.com/apimgr/search/src/api/api.go:1343.32,1346.3 2 0
github.com/apimgr/search/src/api/api.go:1348.2,1349.19 2 0
github.com/apimgr/search/src/api/api.go:1349.19,1351.3 1 0
github.com/apimgr/search/src/api/api.go:1353.2,1395.4 2 0
github.com/apimgr/search/src/api/api.go:1400.76,1401.32 1 0
github.com/apimgr/search/src/api/api.go:1401.32,1404.3 2 0
github.com/apimgr/search/src/api/api.go:1406.2,1407.19 2 0
github.com/apimgr/search/src/api/api.go:1407.19,1409.3 1 0
github.com/apimgr/search/src/api/api.go:1411.2,1448.4 2 0
github.com/apimgr/search/src/api/api.go:1453.77,1454.32 1 0
github.com/apimgr/search/src/api/api.go:1454.32,1457.3 2 0
github.com/apimgr/search/src/api/api.go:1459.2,1460.19 2 0
github.com/apimgr/search/src/api/api.go:1460.19,1462.3 1 0
github.com/apimgr/search/src/api/api.go:1464.2,1526.4 2 0
github.com/apimgr/search/src/api/auth.go:27.226,36.2 1 1
github.com/apimgr/search/src/api/auth.go:39.58,49.2 9 1
github.com/apimgr/search/src/api/auth.go:119.78,120.33 1 1
github.com/apimgr/search/src/api/auth.go:120.33,123.3 2 1
github.com/apimgr/search/src/api/auth.go:126.2,126.49 1 1
github.com/apimgr/search/src/api/auth.go:126.49,129.3 2 1
github.com/apimgr/search/src/api/auth.go:131.2,132.61 2 1
github.com/apimgr/search/src/api/auth.go:132.61,135.3 2 1
github.com/apimgr/search/src/api/auth.go:138.2,138.65 1 1
github.com/apimgr/search/src/api/auth.go:138.65,141.3 2 1
github.com/apimgr/search/src/api/auth.go:144.2,144.64 1 1
github.com/apimgr/search/src/api/auth.go:144.64,146.27 2 1
github.com/apimgr/search/src/api/auth.go:146.27,149.4 2 1
github.com/apimgr/search/src/api/auth.go:150.3,152.71 3 1
github.com/apimgr/search/src/api/auth.go:152.71,153.36 1 1
github.com/apimgr/search/src/api/auth.go:153.36,155.10 2 0
github.com/apimgr/search/src/api/auth.go:158.3,158.15 1 1
github.com/apimgr/search/src/api/auth.go:158.15,161.4 2 1
github.com/apimgr/search/src/api/auth.go:165.2,166.16 2 0
github.com/apimgr/search/src/api/auth.go:166.16,167.14 1 0
github.com/apimgr/search/src/api/auth.go:168.33,169.73 1 0
github.com/apimgr/search/src/api/auth.go:170.30,171.75 1 0
github.com/apimgr/search/src/api/auth.go:172.36,173.73 1 0
github.com/apimgr/search/src/api/auth.go:174.92,175.78 1 0
github.com/apimgr/search/src/api/auth.go:176.32,177.74 1 0
github.com/apimgr/search/src/api/auth.go:178.95,179.62 1 0
github.com/apimgr/search/src/api/auth.go:180.11,181.81 1 0
github.com/apimgr/search/src/api/auth.go:183.3,183.9 1 0
github.com/apimgr/search/src/api/auth.go:189.2,204.4 1 0
github.com/apimgr/search/src/api/auth.go:207.75,208.33 1 1
github.com/apimgr/search/src/api/auth.go:208.33,211.3 2 1
github.com/apimgr/search/src/api/auth.go:213.2,214.61 2 1
github.com/apimgr/search/src/api/auth.go:214.61,217.3 2 1
github.com/apimgr/search/src/api/auth.go:219.2,219.46 1 1
github.com/apimgr/search/src/api/auth.go:219.46,222.3 2 1
github.com/apimgr/search/src/api/auth.go:225.2,230.16 4 0
github.com/apimgr/search/src/api/auth.go:230.16,231.14 1 0
github.com/apimgr/search/src/api/auth.go:232.38,233.83 1 0
github.com/apimgr/search/src/api/auth.go:234.32,235.71 1 0
github.com/apimgr/search/src/api/auth.go:236.11,237.74 1 0
github.com/apimgr/search/src/api/auth.go:239.3,239.9 1 0
github.com/apimgr/search/src/api/auth.go:243.2,243.78 1 0
github.com/apimgr/search/src/api/auth.go:243.78,244.25 1 0
github.com/apimgr/search/src/api/auth.go:244.25,255.4 2 0
github.com/apimgr/search/src/api/auth.go:258.3,258.82 1 0
github.com/apimgr/search/src/api/auth.go:258.82,261.4 2 0
github.com/apimgr/search/src/api/auth.go:265.2,284.4 2 0
github.com/apimgr/search/src/api/auth.go:287.76,288.33 1 1
github.com/apimgr/search/src/api/auth.go:288.33,291.3 2 1
github.com/apimgr/search/src/api/auth.go:293.2,293.26 1 0
github.com/apimgr/search/src/api/auth.go:293.26,296.3 2 0
github.com/apimgr/search/src/api/auth.go:298.2,299.17 2 0
github.com/apimgr/search/src/api/auth.go:299.17,302.3 2 0
github.com/apimgr/search/src/api/auth.go:305.2,314.4 3 0
github.com/apimgr/search/src/api/auth.go:317.84,318.33 1 1
github.com/apimgr/search/src/api/auth.go:318.33,321.3 2 1
github.com/apimgr/search/src/api/auth.go:323.2,324.61 2 1
github.com/apimgr/search/src/api/auth.go:324.61,327.3 2 1
github.com/apimgr/search/src/api/auth.go:329.2,329.21 1 1
github.com/apimgr/search/src/api/auth.go:329.21,332.3 2 1
github.com/apimgr/search/src/api/auth.go:336.2,336.34 1 1
github.com/apimgr/search/src/api/auth.go:336.34,337.99 1 0
github.com/apimgr/search/src/api/auth.go:337.99,340.4 1 0
github.com/apimgr/search/src/api/auth.go:343.2,347.4 1 1
github.com/apimgr/search/src/api/auth.go:350.83,351.33 1 1
github.com/apimgr/search/src/api/auth.go:351.33,354.3 2 1
github.com/apimgr/search/src/api/auth.go:356.2,357.61 2 1
github.com/apimgr/search/src/api/auth.go:357.61,360.3 2 1
github.com/apimgr/search/src/api/auth.go:362.2,362.46 1 1
github.com/apimgr/search/src/api/auth.go:362.46,365.3 2 1
github.com/apimgr/search/src/api/auth.go:368.2,368.34 1 1
github.com/apimgr/search/src/api/auth.go:368.34,371.3 2 1
github.com/apimgr/search/src/api/auth.go:373.2,374.16 2 0
github.com/apimgr/search/src/api/auth.go:374.16,375.14 1 0
github.com/apimgr/search/src/api/auth.go:376.82,377.72 1 0
github.com/apimgr/search/src/api/auth.go:378.44,379.76 1 0
github.com/apimgr/search/src/api/auth.go:380.11,381.83 1 0
github.com/apimgr/search/src/api/auth.go:383.3,383.9 1 0
github.com/apimgr/search/src/api/auth.go:387.2,388.20 2 0
github.com/apimgr/search/src/api/auth.go:388.20,390.3 1 0
github.com/apimgr/search/src/api/auth.go:391.2,391.103 1 0
github.com/apimgr/search/src/api/auth.go:391.103,394.3 2 0
github.com/apimgr/search/src/api/auth.go:396.2,400.4 1 0
github.com/apimgr/search/src/api/auth.go:403.81,404.33 1 1
github.com/apimgr/search/src/api/auth.go:404.33,407.3 2 1
github.com/apimgr/search/src/api/auth.go:409.2,410.61 2 1
github.com/apimgr/search/src/api/auth.go:410.61,413.3 2 1
github.com/apimgr/search/src/api/auth.go:415.2,415.49 1 1
github.com/apimgr/search/src/api/auth.go:415.49,418.3 2 1
github.com/apimgr/search/src/api/auth.go:421.2,422.16 2 0
github.com/apimgr/search/src/api/auth.go:422.16,425.3 2 0
github.com/apimgr/search/src/api/auth.go:428.2,428.30 1 0
github.com/apimgr/search/src/api/auth.go:428.30,431.3 2 0
github.com/apimgr/search/src/api/auth.go:433.2,434.16 2 0
github.com/apimgr/search/src/api/auth.go:434.16,437.3 2 0
github.com/apimgr/search/src/api/auth.go:440.2,443.26 2 0
github.com/apimgr/search/src/api/auth.go:443.26,445.3 1 0
github.com/apimgr/search/src/api/auth.go:448.2,451.16 4 0
github.com/apimgr/search/src/api/auth.go:451.16,454.3 2 0
github.com/apimgr/search/src/api/auth.go:457.2,475.4 2 0
github.com/apimgr/search/src/api/auth.go:478.81,479.33 1 1
github.com/apimgr/search/src/api/auth.go:479.33,482.3 2 1
github.com/apimgr/search/src/api/auth.go:484.2,485.61 2 1
github.com/apimgr/search/src/api/auth.go:485.61,488.3 2 1
github.com/apimgr/search/src/api/auth.go:490.2,490.21 1 1
github.com/apimgr/search/src/api/auth.go:490.21,493.3 2 1
github.com/apimgr/search/src/api/auth.go:496.2,496.34 1 1
github.com/apimgr/search/src/api/auth.go:496.34,499.3 2 1
github.com/apimgr/search/src/api/auth.go:501.2,502.16 2 0
github.com/apimgr/search/src/api/auth.go:502.16,503.14 1 0
github.com/apimgr/search/src/api/auth.go:504.82,505.79 1 0
github.com/apimgr/search/src/api/auth.go:506.44,507.83 1 0
github.com/apimgr/search/src/api/auth.go:508.11,509.84 1 0
github.com/apimgr/search/src/api/auth.go:511.3,511.9 1 0
github.com/apimgr/search/src/api/auth.go:514.2,518.4 1 0
github.com/apimgr/search/src/api/auth.go:521.79,522.33 1 1
github.com/apimgr/search/src/api/auth.go:522.33,525.3 2 1
github.com/apimgr/search/src/api/auth.go:527.2,528.61 2 1
github.com/apimgr/search/src/api/auth.go:528.61,531.3 2 1
github.com/apimgr/search/src/api/auth.go:533.2,533.43 1 1
github.com/apimgr/search/src/api/auth.go:533.43,536.3 2 1
github.com/apimgr/search/src/api/auth.go:539.2,540.16 2 0
github.com/apimgr/search/src/api/auth.go:540.16,543.3 2 0
github.com/apimgr/search/src/api/auth.go:546.2,546.26 1 0
github.com/apimgr/search/src/api/auth.go:546.26,549.3 2 0
github.com/apimgr/search/src/api/auth.go:551.2,551.77 1 0
github.com/apimgr/search/src/api/auth.go:551.77,554.3 2 0
github.com/apimgr/search/src/api/auth.go:557.2,576.4 2 0
github.com/apimgr/search/src/api/auth.go:579.77,580.32 1 1
github.com/apimgr/search/src/api/auth.go:580.32,583.3 2 1
github.com/apimgr/search/src/api/auth.go:585.2,585.26 1 1
github.com/apimgr/search/src/api/auth.go:585.26,588.3 2 1
github.com/apimgr/search/src/api/auth.go:590.2,591.17 2 0
github.com/apimgr/search/src/api/auth.go:591.17,594.3 2 0
github.com/apimgr/search/src/api/auth.go:596.2,597.16 2 0
github.com/apimgr/search/src/api/auth.go:597.16,601.3 3 0
github.com/apimgr/search/src/api/auth.go:603.2,623.4 1 0
github.com/apimgr/search/src/api/auth.go:628.89,633.2 4 1
github.com/apimgr/search/src/api/auth.go:636.91,642.2 1 1
github.com/apimgr/search/src/api/auth.go:644.144,648.16 2 0
github.com/apimgr/search/src/api/auth.go:648.16,652.3 1 0
github.com/apimgr/search/src/api/auth.go:653.2,653.21 1 0
github.com/apimgr/search/src/api/auth.go:657.42,659.55 1 1
github.com/apimgr/search/src/api/auth.go:659.55,661.19 2 1
github.com/apimgr/search/src/api/auth.go:661.19,663.4 1 1
github.com/apimgr/search/src/api/auth.go:667.2,667.49 1 1
github.com/apimgr/search/src/api/auth.go:667.49,669.3 1 1
github.com/apimgr/search/src/api/auth.go:672.2,673.60 2 1
github.com/apimgr/search/src/api/auth.go:673.60,675.3 1 1
github.com/apimgr/search/src/api/auth.go:676.2,676.11 1 1
github.com/apimgr/search/src/api/graphql.go:165.61,170.16 3 1
github.com/apimgr/search/src/api/graphql.go:170.16,172.3 1 0
github.com/apimgr/search/src/api/graphql.go:174.2,175.24 2 1
github.com/apimgr/search/src/api/graphql.go:179.64,307.2 2 1
github.com/apimgr/search/src/api/graphql.go:311.87,318.2 1 1
github.com/apimgr/search/src/api/graphql.go:320.84,343.2 4 1
github.com/apimgr/search/src/api/graphql.go:345.86,350.61 4 1
github.com/apimgr/search/src/api/graphql.go:350.61,352.3 1 1
github.com/apimgr/search/src/api/graphql.go:353.2,354.50 2 1
github.com/apimgr/search/src/api/graphql.go:354.50,356.3 1 1
github.com/apimgr/search/src/api/graphql.go:357.2,358.67 2 1
github.com/apimgr/search/src/api/graphql.go:358.67,360.3 1 1
github.com/apimgr/search/src/api/graphql.go:363.2,364.18 2 1
github.com/apimgr/search/src/api/graphql.go:365.16,366.29 1 1
github.com/apimgr/search/src/api/graphql.go:367.16,368.29 1 0
github.com/apimgr/search/src/api/graphql.go:369.14,370.27 1 0
github.com/apimgr/search/src/api/graphql.go:371.14,372.27 1 0
github.com/apimgr/search/src/api/graphql.go:373.10,374.30 1 1
github.com/apimgr/search/src/api/graphql.go:378.2,382.16 4 1
github.com/apimgr/search/src/api/graphql.go:382.16,384.3 1 0
github.com/apimgr/search/src/api/graphql.go:386.2,387.16 2 1
github.com/apimgr/search/src/api/graphql.go:387.16,389.3 1 1
github.com/apimgr/search/src/api/graphql.go:392.2,393.41 2 0
github.com/apimgr/search/src/api/graphql.go:393.41,394.17 1 0
github.com/apimgr/search/src/api/graphql.go:394.17,395.9 1 0
github.com/apimgr/search/src/api/graphql.go:397.3,406.5 1 0
github.com/apimgr/search/src/api/graphql.go:409.2,419.8 1 0
github.com/apimgr/search/src/api/graphql.go:422.92,424.17 2 1
github.com/apimgr/search/src/api/graphql.go:424.17,426.3 1 1
github.com/apimgr/search/src/api/graphql.go:428.2,429.16 2 1
github.com/apimgr/search/src/api/graphql.go:429.16,431.3 1 0
github.com/apimgr/search/src/api/graphql.go:433.2,433.64 1 1
github.com/apimgr/search/src/api/graphql.go:436.87,440.33 3 1
github.com/apimgr/search/src/api/graphql.go:440.33,443.17 3 0
github.com/apimgr/search/src/api/graphql.go:443.17,444.39 1 0
github.com/apimgr/search/src/api/graphql.go:444.39,446.5 1 0
github.com/apimgr/search/src/api/graphql.go:449.3,455.5 1 0
github.com/apimgr/search/src/api/graphql.go:458.2,458.24 1 1
github.com/apimgr/search/src/api/graphql.go:461.86,465.16 3 1
github.com/apimgr/search/src/api/graphql.go:465.16,467.3 1 1
github.com/apimgr/search/src/api/graphql.go:469.2,471.16 3 0
github.com/apimgr/search/src/api/graphql.go:471.16,472.38 1 0
github.com/apimgr/search/src/api/graphql.go:472.38,474.4 1 0
github.com/apimgr/search/src/api/graphql.go:477.2,483.8 1 0
github.com/apimgr/search/src/api/graphql.go:486.90,494.2 1 1
github.com/apimgr/search/src/api/graphql.go:496.85,500.71 2 1
github.com/apimgr/search/src/api/graphql.go:500.71,502.27 2 1
github.com/apimgr/search/src/api/graphql.go:502.27,503.30 1 1
github.com/apimgr/search/src/api/graphql.go:503.30,505.5 1 1
github.com/apimgr/search/src/api/graphql.go:507.3,507.19 1 1
github.com/apimgr/search/src/api/graphql.go:511.2,511.65 1 1
github.com/apimgr/search/src/api/graphql.go:511.65,514.27 3 1
github.com/apimgr/search/src/api/graphql.go:514.27,516.55 1 1
github.com/apimgr/search/src/api/graphql.go:516.55,518.5 1 1
github.com/apimgr/search/src/api/graphql.go:520.3,520.19 1 1
github.com/apimgr/search/src/api/graphql.go:524.2,525.26 2 1
github.com/apimgr/search/src/api/graphql.go:525.26,534.3 1 1
github.com/apimgr/search/src/api/graphql.go:536.2,544.8 1 1
github.com/apimgr/search/src/api/graphql.go:547.87,548.36 1 1
github.com/apimgr/search/src/api/graphql.go:548.36,550.3 1 1
github.com/apimgr/search/src/api/graphql.go:552.2,555.28 3 0
github.com/apimgr/search/src/api/graphql.go:555.28,563.3 1 0
github.com/apimgr/search/src/api/graphql.go:565.2,565.24 1 0
github.com/apimgr/search/src/api/graphql.go:568.87,571.37 2 1
github.com/apimgr/search/src/api/graphql.go:571.37,576.3 1 1
github.com/apimgr/search/src/api/graphql.go:578.2,579.16 2 0
github.com/apimgr/search/src/api/graphql.go:579.16,581.3 1 0
github.com/apimgr/search/src/api/graphql.go:583.2,587.16 4 0
github.com/apimgr/search/src/api/graphql.go:587.16,589.3 1 0
github.com/apimgr/search/src/api/graphql.go:591.2,591.19 1 0
github.com/apimgr/search/src/api/graphql.go:591.19,596.3 1 0
github.com/apimgr/search/src/api/graphql.go:598.2,605.8 1 0
github.com/apimgr/search/src/api/graphql.go:609.76,617.33 2 1
github.com/apimgr/search/src/api/graphql.go:617.33,618.65 1 1
github.com/apimgr/search/src/api/graphql.go:618.65,621.4 2 1
github.com/apimgr/search/src/api/graphql.go:622.8,622.39 1 1
github.com/apimgr/search/src/api/graphql.go:622.39,625.63 3 1
github.com/apimgr/search/src/api/graphql.go:625.63,627.4 1 1
github.com/apimgr/search/src/api/graphql.go:628.8,631.3 2 1
github.com/apimgr/search/src/api/graphql.go:634.2,644.35 3 1
github.com/apimgr/search/src/api/graphql.go:748.80,750.16 2 1
github.com/apimgr/search/src/api/graphql.go:750.16,753.3 2 0
github.com/apimgr/search/src/api/graphql.go:755.2,758.4 2 1
github.com/apimgr/search/src/api/graphql.go:764.67,766.16 2 1
github.com/apimgr/search/src/api/graphql.go:766.16,768.3 1 0
github.com/apimgr/search/src/api/graphql.go:771.2,771.74 1 1
github.com/apimgr/search/src/api/graphql.go:771.74,772.33 1 1
github.com/apimgr/search/src/api/graphql.go:772.33,775.4 2 1
github.com/apimgr/search/src/api/graphql.go:776.3,776.29 1 1
github.com/apimgr/search/src/api/graphql.go:779.2,779.12 1 1
github.com/apimgr/search/src/api/openapi_handler.go:14.76,20.2 5 1
github.com/apimgr/search/src/api/openapi_handler.go:302.74,304.16 2 1
github.com/apimgr/search/src/api/openapi_handler.go:304.16,307.3 2 0
github.com/apimgr/search/src/api/openapi_handler.go:310.2,311.18 2 1
github.com/apimgr/search/src/api/openapi_handler.go:311.18,313.3 1 0
github.com/apimgr/search/src/api/openapi_handler.go:314.2,314.67 1 1
github.com/apimgr/search/src/api/openapi_handler.go:314.67,316.3 1 1
github.com/apimgr/search/src/api/openapi_handler.go:318.2,326.46 5 1
github.com/apimgr/search/src/api/openapi_handler.go:326.46,329.3 2 0
github.com/apimgr/search/src/api/openapi_handler.go:334.61,340.2 2 1
github.com/apimgr/search/src/api/user.go:27.212,36.2 1 1
github.com/apimgr/search/src/api/user.go:40.58,52.2 11 1
github.com/apimgr/search/src/api/user.go:106.77,108.16 2 1
github.com/apimgr/search/src/api/user.go:108.16,111.3 2 1
github.com/apimgr/search/src/api/user.go:113.2,113.18 1 0
github.com/apimgr/search/src/api/user.go:114.22,115.27 1 0
github.com/apimgr/search/src/api/user.go:116.40,117.30 1 0
github.com/apimgr/search/src/api/user.go:118.10,119.96 1 0
github.com/apimgr/search/src/api/user.go:123.94,142.2 1 0
github.com/apimgr/search/src/api/user.go:144.97,146.61 2 0
github.com/apimgr/search/src/api/user.go:146.61,149.3 2 0
github.com/apimgr/search/src/api/user.go:152.2,153.16 2 0
github.com/apimgr/search/src/api/user.go:153.16,156.3 2 0
github.com/apimgr/search/src/api/user.go:161.2,161.84 1 0
github.com/apimgr/search/src/api/user.go:161.84,162.74 1 0
github.com/apimgr/search/src/api/user.go:162.74,165.4 2 0
github.com/apimgr/search/src/api/user.go:168.2,172.4 1 0
github.com/apimgr/search/src/api/user.go:175.78,176.63 1 1
github.com/apimgr/search/src/api/user.go:176.63,179.3 2 1
github.com/apimgr/search/src/api/user.go:181.2,182.16 2 1
github.com/apimgr/search/src/api/user.go:182.16,185.3 2 1
github.com/apimgr/search/src/api/user.go:187.2,188.61 2 0
github.com/apimgr/search/src/api/user.go:188.61,191.3 2 0
github.com/apimgr/search/src/api/user.go:193.2,193.56 1 0
github.com/apimgr/search/src/api/user.go:193.56,196.3 2 0
github.com/apimgr/search/src/api/user.go:199.2,199.68 1 0
github.com/apimgr/search/src/api/user.go:199.68,202.3 2 0
github.com/apimgr/search/src/api/user.go:205.2,206.16 2 0
github.com/apimgr/search/src/api/user.go:206.16,207.14 1 0
github.com/apimgr/search/src/api/user.go:208.95,209.62 1 0
github.com/apimgr/search/src/api/user.go:210.11,211.87 1 0
github.com/apimgr/search/src/api/user.go:213.3,213.9 1 0
github.com/apimgr/search/src/api/user.go:216.2,220.4 1 0
github.com/apimgr/search/src/api/user.go:223.78,225.16 2 1
github.com/apimgr/search/src/api/user.go:225.16,228.3 2 1
github.com/apimgr/search/src/api/user.go:230.2,232.18 2 0
github.com/apimgr/search/src/api/user.go:233.22,236.17 2 0
github.com/apimgr/search/src/api/user.go:236.17,239.4 2 0
github.com/apimgr/search/src/api/user.go:241.3,242.30 2 0
github.com/apimgr/search/src/api/user.go:242.30,252.4 1 0
github.com/apimgr/search/src/api/user.go:254.3,258.5 1 0
github.com/apimgr/search/src/api/user.go:260.25,263.17 2 0
github.com/apimgr/search/src/api/user.go:263.17,266.4 2 0
github.com/apimgr/search/src/api/user.go:268.3,272.5 1 0
github.com/apimgr/search/src/api/user.go:274.10,275.93 1 0
github.com/apimgr/search/src/api/user.go:279.81,280.35 1 1
github.com/apimgr/search/src/api/user.go:280.35,283.3 2 1
github.com/apimgr/search/src/api/user.go:285.2,286.16 2 1
github.com/apimgr/search/src/api/user.go:286.16,289.3 2 1
github.com/apimgr/search/src/api/user.go:292.2,296.16 5 0
github.com/apimgr/search/src/api/user.go:296.16,299.3 2 0
github.com/apimgr/search/src/api/user.go:302.2,303.16 2 0
github.com/apimgr/search/src/api/user.go:303.16,304.40 1 0
github.com/apimgr/search/src/api/user.go:304.40,306.4 1 0
github.com/apimgr/search/src/api/user.go:306.9,308.4 1 0
github.com/apimgr/search/src/api/user.go:309.3,309.9 1 0
github.com/apimgr/search/src/api/user.go:312.2,316.4 1 0
github.com/apimgr/search/src/api/user.go:319.76,321.16 2 1
github.com/apimgr/search/src/api/user.go:321.16,324.3 2 1
github.com/apimgr/search/src/api/user.go:326.2,326.27 1 0
github.com/apimgr/search/src/api/user.go:326.27,329.3 2 0
github.com/apimgr/search/src/api/user.go:331.2,331.18 1 0
github.com/apimgr/search/src/api/user.go:332.22,335.17 2 0
github.com/apimgr/search/src/api/user.go:335.17,338.4 2 0
github.com/apimgr/search/src/api/user.go:340.3,341.28 2 0
github.com/apimgr/search/src/api/user.go:341.28,343.4 1 0
github.com/apimgr/search/src/api/user.go:345.3,349.5 1 0
github.com/apimgr/search/src/api/user.go:351.23,354.62 2 0
github.com/apimgr/search/src/api/user.go:354.62,357.4 2 0
github.com/apimgr/search/src/api/user.go:359.3,359.21 1 0
github.com/apimgr/search/src/api/user.go:359.21,362.4 2 0
github.com/apimgr/search/src/api/user.go:364.3,365.24 2 0
github.com/apimgr/search/src/api/user.go:365.24,367.4 1 0
github.com/apimgr/search/src/api/user.go:369.3,376.17 3 0
github.com/apimgr/search/src/api/user.go:376.17,379.4 2 0
github.com/apimgr/search/src/api/user.go:381.3,392.5 1 0
github.com/apimgr/search/src/api/user.go:394.10,395.91 1 0
github.com/apimgr/search/src/api/user.go:399.79,400.35 1 1
github.com/apimgr/search/src/api/user.go:400.35,403.3 2 1
github.com/apimgr/search/src/api/user.go:405.2,406.16 2 1
github.com/apimgr/search/src/api/user.go:406.16,409.3 2 1
github.com/apimgr/search/src/api/user.go:411.2,411.27 1 0
github.com/apimgr/search/src/api/user.go:411.27,414.3 2 0
github.com/apimgr/search/src/api/user.go:417.2,421.16 5 0
github.com/apimgr/search/src/api/user.go:421.16,424.3 2 0
github.com/apimgr/search/src/api/user.go:427.2,428.16 2 0
github.com/apimgr/search/src/api/user.go:428.16,429.38 1 0
github.com/apimgr/search/src/api/user.go:429.38,431.4 1 0
github.com/apimgr/search/src/api/user.go:431.9,433.4 1 0
github.com/apimgr/search/src/api/user.go:434.3,434.9 1 0
github.com/apimgr/search/src/api/user.go:437.2,441.4 1 0
github.com/apimgr/search/src/api/user.go:444.79,445.32 1 1
github.com/apimgr/search/src/api/user.go:445.32,448.3 2 1
github.com/apimgr/search/src/api/user.go:450.2,451.16 2 1
github.com/apimgr/search/src/api/user.go:451.16,454.3 2 1
github.com/apimgr/search/src/api/user.go:456.2,456.26 1 0
github.com/apimgr/search/src/api/user.go:456.26,463.3 2 0
github.com/apimgr/search/src/api/user.go:465.2,476.4 2 0
github.com/apimgr/search/src/api/user.go:479.78,480.33 1 1
github.com/apimgr/search/src/api/user.go:480.33,483.3 2 1
github.com/apimgr/search/src/api/user.go:485.2,486.16 2 1
github.com/apimgr/search/src/api/user.go:486.16,489.3 2 1
github.com/apimgr/search/src/api/user.go:491.2,491.26 1 0
github.com/apimgr/search/src/api/user.go:491.26,494.3 2 0
github.com/apimgr/search/src/api/user.go:496.2,497.61 2 0
github.com/apimgr/search/src/api/user.go:497.61,500.3 2 0
github.com/apimgr/search/src/api/user.go:503.2,503.61 1 0
github.com/apimgr/search/src/api/user.go:503.61,506.3 2 0
github.com/apimgr/search/src/api/user.go:509.2,510.16 2 0
github.com/apimgr/search/src/api/user.go:510.16,511.41 1 0
github.com/apimgr/search/src/api/user.go:511.41,513.4 1 0
github.com/apimgr/search/src/api/user.go:513.9,515.4 1 0
github.com/apimgr/search/src/api/user.go:516.3,516.9 1 0
github.com/apimgr/search/src/api/user.go:519.2,528.4 1 0
github.com/apimgr/search/src/api/user.go:531.79,532.33 1 1
github.com/apimgr/search/src/api/user.go:532.33,535.3 2 1
github.com/apimgr/search/src/api/user.go:537.2,538.16 2 1
github.com/apimgr/search/src/api/user.go:538.16,541.3 2 1
github.com/apimgr/search/src/api/user.go:543.2,543.26 1 0
github.com/apimgr/search/src/api/user.go:543.26,546.3 2 0
github.com/apimgr/search/src/api/user.go:548.2,549.61 2 0
github.com/apimgr/search/src/api/user.go:549.61,552.3 2 0
github.com/apimgr/search/src/api/user.go:554.2,554.20 1 0
github.com/apimgr/search/src/api/user.go:554.20,557.3 2 0
github.com/apimgr/search/src/api/user.go:560.2,561.16 2 0
github.com/apimgr/search/src/api/user.go:561.16,562.40 1 0
github.com/apimgr/search/src/api/user.go:562.40,564.4 1 0
github.com/apimgr/search/src/api/user.go:564.9,564.48 1 0
github.com/apimgr/search/src/api/user.go:564.48,566.4 1 0
github.com/apimgr/search/src/api/user.go:566.9,568.4 1 0
github.com/apimgr/search/src/api/user.go:569.3,569.9 1 0
github.com/apimgr/search/src/api/user.go:573.2,574.30 2 0
github.com/apimgr/search/src/api/user.go:574.30,576.17 2 0
github.com/apimgr/search/src/api/user.go:576.17,579.4 1 0
github.com/apimgr/search/src/api/user.go:582.2,589.4 1 0
github.com/apimgr/search/src/api/user.go:592.80,593.33 1 1
github.com/apimgr/search/src/api/user.go:593.33,596.3 2 1
github.com/apimgr/search/src/api/user.go:598.2,599.16 2 1
github.com/apimgr/search/src/api/user.go:599.16,602.3 2 1
github.com/apimgr/search/src/api/user.go:604.2,604.26 1 0
github.com/apimgr/search/src/api/user.go:604.26,607.3 2 0
github.com/apimgr/search/src/api/user.go:609.2,610.61 2 0
github.com/apimgr/search/src/api/user.go:610.61,613.3 2 0
github.com/apimgr/search/src/api/user.go:616.2,616.61 1 0
github.com/apimgr/search/src/api/user.go:616.61,619.3 2 0
github.com/apimgr/search/src/api/user.go:622.2,622.77 1 0
github.com/apimgr/search/src/api/user.go:622.77,625.3 2 0
github.com/apimgr/search/src/api/user.go:628.2,629.16 2 0
github.com/apimgr/search/src/api/user.go:629.16,632.3 2 0
github.com/apimgr/search/src/api/user.go:635.2,635.30 1 0
github.com/apimgr/search/src/api/user.go:635.30,637.3 1 0
github.com/apimgr/search/src/api/user.go:639.2,643.4 1 0
github.com/apimgr/search/src/api/user.go:646.82,648.16 2 1
github.com/apimgr/search/src/api/user.go:648.16,651.3 2 1
github.com/apimgr/search/src/api/user.go:653.2,653.30 1 0
github.com/apimgr/search/src/api/user.go:653.30,656.3 2 0
github.com/apimgr/search/src/api/user.go:658.2,658.18 1 0
github.com/apimgr/search/src/api/user.go:659.22,662.17 2 0
github.com/apimgr/search/src/api/user.go:662.17,665.4 2 0
github.com/apimgr/search/src/api/user.go:667.3,675.5 1 0
github.com/apimgr/search/src/api/user.go:677.23,682.62 2 0
github.com/apimgr/search/src/api/user.go:682.62,685.4 2 0
github.com/apimgr/search/src/api/user.go:688.3,688.62 1 0
github.com/apimgr/search/src/api/user.go:688.62,691.4 2 0
github.com/apimgr/search/src/api/user.go:694.3,695.17 2 0
github.com/apimgr/search/src/api/user.go:695.17,698.4 2 0
github.com/apimgr/search/src/api/user.go:700.3,707.5 1 0
github.com/apimgr/search/src/api/user.go:709.10,710.91 1 0
github.com/apimgr/search/src/api/user.go:716.75,717.26 1 1
github.com/apimgr/search/src/api/user.go:717.26,719.3 1 1
github.com/apimgr/search/src/api/user.go:721.2,722.17 2 0
github.com/apimgr/search/src/api/user.go:722.17,724.3 1 0
github.com/apimgr/search/src/api/user.go:726.2,727.16 2 0
github.com/apimgr/search/src/api/user.go:727.16,729.3 1 0
github.com/apimgr/search/src/api/user.go:731.2,731.18 1 0
github.com/apimgr/search/src/api/user.go:734.89,739.2 4 1
github.com/apimgr/search/src/api/user.go:742.91,748.2 1 1
github.com/apimgr/search/src/api/widgets.go:11.73,12.28 1 1
github.com/apimgr/search/src/api/widgets.go:12.28,23.3 2 1
github.com/apimgr/search/src/api/widgets.go:25.2,30.20 4 0
github.com/apimgr/search/src/api/widgets.go:30.20,32.32 2 0
github.com/apimgr/search/src/api/widgets.go:32.32,33.38 1 0
github.com/apimgr/search/src/api/widgets.go:33.38,35.5 1 0
github.com/apimgr/search/src/api/widgets.go:37.3,37.24 1 0
github.com/apimgr/search/src/api/widgets.go:40.2,48.4 1 0
github.com/apimgr/search/src/api/widgets.go:52.76,53.28 1 1
github.com/apimgr/search/src/api/widgets.go:53.28,56.3 2 1
github.com/apimgr/search/src/api/widgets.go:59.2,62.22 3 0
github.com/apimgr/search/src/api/widgets.go:62.22,65.3 2 0
github.com/apimgr/search/src/api/widgets.go:68.2,68.50 1 0
github.com/apimgr/search/src/api/widgets.go:68.50,71.3 2 0
github.com/apimgr/search/src/api/widgets.go:74.2,75.41 2 0
github.com/apimgr/search/src/api/widgets.go:75.41,76.22 1 0
github.com/apimgr/search/src/api/widgets.go:76.22,78.4 1 0
github.com/apimgr/search/src/api/widgets.go:82.2,83.16 2 0
github.com/apimgr/search/src/api/widgets.go:83.16,86.3 2 0
github.com/apimgr/search/src/api/widgets.go:88.2,92.4 1 0
github.com/apimgr/search/src/cache/cache.go:73.30,86.2 1 1
github.com/apimgr/search/src/cache/cache.go:89.38,90.16 1 1
github.com/apimgr/search/src/cache/cache.go:90.16,92.3 1 1
github.com/apimgr/search/src/cache/cache.go:94.2,95.14 2 1
github.com/apimgr/search/src/cache/cache.go:95.14,97.3 1 1
github.com/apimgr/search/src/cache/cache.go:99.2,99.18 1 1
github.com/apimgr/search/src/cache/cache.go:100.25,114.5 1 1
github.com/apimgr/search/src/cache/cache.go:115.14,117.50 1 1
github.com/apimgr/search/src/cache/cache.go:118.20,119.47 1 1
github.com/apimgr/search/src/cache/cache.go:120.10,121.47 1 1
github.com/apimgr/search/src/cache/cache.go:126.77,128.16 2 1
github.com/apimgr/search/src/cache/cache.go:128.16,130.3 1 1
github.com/apimgr/search/src/cache/cache.go:131.2,131.32 1 1
github.com/apimgr/search/src/cache/cache.go:135.96,137.16 2 1
github.com/apimgr/search/src/cache/cache.go:137.16,139.3 1 1
github.com/apimgr/search/src/cache/cache.go:140.2,140.35 1 1
github.com/apimgr/search/src/cache/memory.go:26.73,27.18 1 1
github.com/apimgr/search/src/cache/memory.go:27.18,29.3 1 1
github.com/apimgr/search/src/cache/memory.go:30.2,30.21 1 1
github.com/apimgr/search/src/cache/memory.go:30.21,32.3 1 1
github.com/apimgr/search/src/cache/memory.go:34.2,47.10 3 1
github.com/apimgr/search/src/cache/memory.go:51.33,55.21 3 1
github.com/apimgr/search/src/cache/memory.go:55.21,58.34 3 0
github.com/apimgr/search/src/cache/memory.go:58.34,59.33 1 0
github.com/apimgr/search/src/cache/memory.go:59.33,61.5 1 0
github.com/apimgr/search/src/cache/memory.go:63.3,64.16 2 0
github.com/apimgr/search/src/cache/memory.go:69.76,74.13 4 1
github.com/apimgr/search/src/cache/memory.go:74.13,79.3 4 1
github.com/apimgr/search/src/cache/memory.go:81.2,81.38 1 1
github.com/apimgr/search/src/cache/memory.go:81.38,88.3 6 1
github.com/apimgr/search/src/cache/memory.go:90.2,94.24 4 1
github.com/apimgr/search/src/cache/memory.go:98.99,99.14 1 1
github.com/apimgr/search/src/cache/memory.go:99.14,101.3 1 1
github.com/apimgr/search/src/cache/memory.go:103.2,107.31 3 1
github.com/apimgr/search/src/cache/memory.go:107.31,109.3 1 1
github.com/apimgr/search/src/cache/memory.go:111.2,117.12 3 1
github.com/apimgr/search/src/cache/memory.go:121.37,124.18 2 1
github.com/apimgr/search/src/cache/memory.go:124.18,126.3 1 1
github.com/apimgr/search/src/cache/memory.go:129.2,135.33 3 1
github.com/apimgr/search/src/cache/memory.go:135.33,137.29 2 1
github.com/apimgr/search/src/cache/memory.go:137.29,140.37 2 1
github.com/apimgr/search/src/cache/memory.go:140.37,141.60 1 1
github.com/apimgr/search/src/cache/memory.go:141.60,143.6 1 1
github.com/apimgr/search/src/cache/memory.go:145.4,145.58 1 1
github.com/apimgr/search/src/cache/memory.go:149.2,149.28 1 1
github.com/apimgr/search/src/cache/memory.go:149.28,151.3 1 1
github.com/apimgr/search/src/cache/memory.go:155.69,163.2 5 1
github.com/apimgr/search/src/cache/memory.go:166.77,171.13 4 1
github.com/apimgr/search/src/cache/memory.go:171.13,173.3 1 1
github.com/apimgr/search/src/cache/memory.go:175.2,175.38 1 1
github.com/apimgr/search/src/cache/memory.go:175.38,181.3 5 1
github.com/apimgr/search/src/cache/memory.go:183.2,183.18 1 1
github.com/apimgr/search/src/cache/memory.go:187.72,191.20 3 1
github.com/apimgr/search/src/cache/memory.go:191.20,195.3 3 1
github.com/apimgr/search/src/cache/memory.go:198.2,200.22 3 1
github.com/apimgr/search/src/cache/memory.go:200.22,201.37 1 1
github.com/apimgr/search/src/cache/memory.go:201.37,203.4 1 1
github.com/apimgr/search/src/cache/memory.go:203.9,203.31 1 1
github.com/apimgr/search/src/cache/memory.go:203.31,205.4 1 1
github.com/apimgr/search/src/cache/memory.go:208.2,208.27 1 1
github.com/apimgr/search/src/cache/memory.go:208.27,210.77 2 1
github.com/apimgr/search/src/cache/memory.go:210.77,212.4 1 1
github.com/apimgr/search/src/cache/memory.go:213.3,213.86 1 1
github.com/apimgr/search/src/cache/memory.go:213.86,215.4 1 1
github.com/apimgr/search/src/cache/memory.go:216.3,216.12 1 1
github.com/apimgr/search/src/cache/memory.go:216.12,218.4 1 1
github.com/apimgr/search/src/cache/memory.go:220.2,222.12 2 1
github.com/apimgr/search/src/cache/memory.go:226.37,235.2 6 1
github.com/apimgr/search/src/cache/memory.go:238.55,240.2 1 1
github.com/apimgr/search/src/cache/memory.go:243.66,252.31 6 1
github.com/apimgr/search/src/cache/memory.go:252.31,254.3 1 1
github.com/apimgr/search/src/cache/memory.go:255.2,257.20 2 1
github.com/apimgr/search/src/cache/redis.go:48.59,49.16 1 1
github.com/apimgr/search/src/cache/redis.go:49.16,59.3 1 1
github.com/apimgr/search/src/cache/redis.go:61.2,63.46 2 1
github.com/apimgr/search/src/cache/redis.go:63.46,74.3 1 1
github.com/apimgr/search/src/cache/redis.go:74.8,74.26 1 1
github.com/apimgr/search/src/cache/redis.go:74.26,77.17 2 1
github.com/apimgr/search/src/cache/redis.go:77.17,79.4 1 1
github.com/apimgr/search/src/cache/redis.go:80.3,80.23 1 1
github.com/apimgr/search/src/cache/redis.go:80.23,82.4 1 1
github.com/apimgr/search/src/cache/redis.go:83.3,83.22 1 1
github.com/apimgr/search/src/cache/redis.go:83.22,85.4 1 1
github.com/apimgr/search/src/cache/redis.go:86.3,86.33 1 1
github.com/apimgr/search/src/cache/redis.go:87.8,100.3 2 1
github.com/apimgr/search/src/cache/redis.go:103.2,106.47 3 1
github.com/apimgr/search/src/cache/redis.go:106.47,108.3 1 1
github.com/apimgr/search/src/cache/redis.go:110.2,114.8 1 0
github.com/apimgr/search/src/cache/redis.go:118.51,120.2 1 1
github.com/apimgr/search/src/cache/redis.go:123.75,125.16 2 0
github.com/apimgr/search/src/cache/redis.go:125.16,126.23 1 0
github.com/apimgr/search/src/cache/redis.go:126.23,129.4 2 0
github.com/apimgr/search/src/cache/redis.go:130.3,131.18 2 0
github.com/apimgr/search/src/cache/redis.go:133.2,134.17 2 0
github.com/apimgr/search/src/cache/redis.go:138.98,140.2 1 0
github.com/apimgr/search/src/cache/redis.go:143.68,145.2 1 0
github.com/apimgr/search/src/cache/redis.go:148.76,150.16 2 0
github.com/apimgr/search/src/cache/redis.go:150.16,152.3 1 0
github.com/apimgr/search/src/cache/redis.go:153.2,153.23 1 0
github.com/apimgr/search/src/cache/redis.go:157.71,162.21 3 0
github.com/apimgr/search/src/cache/redis.go:162.21,165.23 2 0
github.com/apimgr/search/src/cache/redis.go:165.23,166.59 1 0
github.com/apimgr/search/src/cache/redis.go:166.59,168.5 1 0
github.com/apimgr/search/src/cache/redis.go:169.4,169.19 1 0
github.com/apimgr/search/src/cache/redis.go:173.2,173.35 1 0
github.com/apimgr/search/src/cache/redis.go:173.35,175.3 1 0
github.com/apimgr/search/src/cache/redis.go:178.2,178.19 1 0
github.com/apimgr/search/src/cache/redis.go:178.19,180.3 1 0
github.com/apimgr/search/src/cache/redis.go:182.2,182.12 1 0
github.com/apimgr/search/src/cache/redis.go:186.36,189.2 2 0
github.com/apimgr/search/src/cache/redis.go:192.54,194.2 1 0
github.com/apimgr/search/src/cache/redis.go:197.65,202.16 3 0
github.com/apimgr/search/src/cache/redis.go:202.16,204.3 1 0
github.com/apimgr/search/src/cache/redis.go:207.2,208.16 2 0
github.com/apimgr/search/src/cache/redis.go:208.16,213.18 3 0
github.com/apimgr/search/src/cache/redis.go:213.18,215.4 1 0
github.com/apimgr/search/src/cache/redis.go:218.2,218.20 1 0
github.com/apimgr/search/src/cache/redis.go:222.108,224.2 1 0
github.com/apimgr/search/src/cache/redis.go:227.89,229.2 1 0
github.com/apimgr/search/src/cache/redis.go:232.83,234.2 1 0
github.com/apimgr/search/src/cache/redis.go:237.75,239.2 1 0
github.com/apimgr/search/src/cache/redis.go:242.87,244.2 1 0
github.com/apimgr/search/src/cache/redis.go:247.87,249.2 1 0
github.com/apimgr/search/src/cache/redis.go:252.83,254.2 1 0
github.com/apimgr/search/src/cache/redis.go:257.90,259.2 1 0
github.com/apimgr/search/src/backup/backup.go:49.49,51.2 1 1
github.com/apimgr/search/src/backup/backup.go:55.48,57.2 1 1
github.com/apimgr/search/src/backup/backup.go:60.28,66.2 1 1
github.com/apimgr/search/src/backup/backup.go:69.59,71.55 1 1
github.com/apimgr/search/src/backup/backup.go:71.55,73.3 1 1
github.com/apimgr/search/src/backup/backup.go:77.2,77.20 1 1
github.com/apimgr/search/src/backup/backup.go:77.20,79.3 1 1
github.com/apimgr/search/src/backup/backup.go:82.2,82.45 1 1
github.com/apimgr/search/src/backup/backup.go:82.45,84.3 1 1
github.com/apimgr/search/src/backup/backup.go:86.2,90.16 3 1
github.com/apimgr/search/src/backup/backup.go:90.16,92.3 1 0
github.com/apimgr/search/src/backup/backup.go:93.2,107.16 10 1
github.com/apimgr/search/src/backup/backup.go:107.16,109.3 1 1
github.com/apimgr/search/src/backup/backup.go:110.2,112.36 3 1
github.com/apimgr/search/src/backup/backup.go:112.36,114.3 1 1
github.com/apimgr/search/src/backup/backup.go:117.2,118.16 2 1
github.com/apimgr/search/src/backup/backup.go:118.16,120.3 1 0
github.com/apimgr/search/src/backup/backup.go:121.2,123.34 3 1
github.com/apimgr/search/src/backup/backup.go:123.34,125.3 1 1
github.com/apimgr/search/src/backup/backup.go:128.2,130.16 3 1
github.com/apimgr/search/src/backup/backup.go:130.16,132.3 1 1
github.com/apimgr/search/src/backup/backup.go:135.2,136.21 2 1
github.com/apimgr/search/src/backup/backup.go:136.21,138.3 1 1
github.com/apimgr/search/src/backup/backup.go:142.2,166.58 5 1
github.com/apimgr/search/src/backup/backup.go:166.58,168.3 1 0
github.com/apimgr/search/src/backup/backup.go:169.2,169.53 1 1
github.com/apimgr/search/src/backup/backup.go:169.53,171.3 1 0
github.com/apimgr/search/src/backup/backup.go:173.2,173.24 1 1
github.com/apimgr/search/src/backup/backup.go:178.120,183.84 4 1
github.com/apimgr/search/src/backup/backup.go:183.84,184.17 1 1
github.com/apimgr/search/src/backup/backup.go:184.17,186.4 1 1
github.com/apimgr/search/src/backup/backup.go:189.3,189.19 1 1
github.com/apimgr/search/src/backup/backup.go:189.19,191.58 2 1
github.com/apimgr/search/src/backup/backup.go:191.58,193.5 1 1
github.com/apimgr/search/src/backup/backup.go:194.4,194.14 1 1
github.com/apimgr/search/src/backup/backup.go:198.3,199.17 2 1
github.com/apimgr/search/src/backup/backup.go:199.17,201.4 1 0
github.com/apimgr/search/src/backup/backup.go:204.3,204.34 1 1
github.com/apimgr/search/src/backup/backup.go:204.34,206.4 1 0
github.com/apimgr/search/src/backup/backup.go:209.3,210.17 2 1
github.com/apimgr/search/src/backup/backup.go:210.17,212.4 1 0
github.com/apimgr/search/src/backup/backup.go:213.3,215.48 2 1
github.com/apimgr/search/src/backup/backup.go:215.48,217.4 1 0
github.com/apimgr/search/src/backup/backup.go:220.3,221.17 2 1
github.com/apimgr/search/src/backup/backup.go:221.17,223.4 1 0
github.com/apimgr/search/src/backup/backup.go:224.3,231.17 5 1
github.com/apimgr/search/src/backup/backup.go:231.17,233.4 1 0
github.com/apimgr/search/src/backup/backup.go:235.3,239.13 4 1
github.com/apimgr/search/src/backup/backup.go:242.2,242.41 1 1
github.com/apimgr/search/src/backup/backup.go:247.65,250.27 2 1
github.com/apimgr/search/src/backup/backup.go:250.27,252.3 1 1
github.com/apimgr/search/src/backup/backup.go:253.2,257.25 3 1
github.com/apimgr/search/src/backup/backup.go:257.25,260.3 2 1
github.com/apimgr/search/src/backup/backup.go:261.2,261.42 1 1
github.com/apimgr/search/src/backup/backup.go:265.52,267.47 1 1
github.com/apimgr/search/src/backup/backup.go:267.47,269.3 1 1
github.com/apimgr/search/src/backup/backup.go:272.2,273.16 2 1
github.com/apimgr/search/src/backup/backup.go:273.16,275.3 1 0
github.com/apimgr/search/src/backup/backup.go:276.2,279.16 3 1
github.com/apimgr/search/src/backup/backup.go:279.16,281.3 1 1
github.com/apimgr/search/src/backup/backup.go:282.2,288.66 4 1
github.com/apimgr/search/src/backup/backup.go:288.66,291.3 1 0
github.com/apimgr/search/src/backup/backup.go:294.2,294.6 1 1
github.com/apimgr/search/src/backup/backup.go:294.6,296.20 2 1
github.com/apimgr/search/src/backup/backup.go:296.20,297.9 1 1
github.com/apimgr/search/src/backup/backup.go:299.3,299.17 1 1
github.com/apimgr/search/src/backup/backup.go:299.17,301.4 1 0
github.com/apimgr/search/src/backup/backup.go:304.3,304.69 1 1
github.com/apimgr/search/src/backup/backup.go:304.69,305.12 1 1
github.com/apimgr/search/src/backup/backup.go:309.3,310.48 2 1
github.com/apimgr/search/src/backup/backup.go:310.48,313.4 2 1
github.com/apimgr/search/src/backup/backup.go:313.9,313.53 1 1
github.com/apimgr/search/src/backup/backup.go:313.53,316.4 2 1
github.com/apimgr/search/src/backup/backup.go:316.9,317.12 1 1
github.com/apimgr/search/src/backup/backup.go:321.3,321.69 1 1
github.com/apimgr/search/src/backup/backup.go:321.69,323.4 1 0
github.com/apimgr/search/src/backup/backup.go:326.3,326.26 1 1
github.com/apimgr/search/src/backup/backup.go:327.20,328.76 1 1
github.com/apimgr/search/src/backup/backup.go:328.76,330.5 1 0
github.com/apimgr/search/src/backup/backup.go:331.20,333.18 2 1
github.com/apimgr/search/src/backup/backup.go:333.18,335.5 1 0
github.com/apimgr/search/src/backup/backup.go:336.4,336.57 1 1
github.com/apimgr/search/src/backup/backup.go:336.57,339.5 2 0
github.com/apimgr/search/src/backup/backup.go:340.4,340.19 1 1
github.com/apimgr/search/src/backup/backup.go:344.2,344.12 1 1
github.com/apimgr/search/src/backup/backup.go:348.48,351.56 2 1
github.com/apimgr/search/src/backup/backup.go:351.56,353.3 1 1
github.com/apimgr/search/src/backup/backup.go:355.2,356.16 2 1
github.com/apimgr/search/src/backup/backup.go:356.16,358.3 1 1
github.com/apimgr/search/src/backup/backup.go:360.2,360.32 1 1
github.com/apimgr/search/src/backup/backup.go:360.32,361.67 1 1
github.com/apimgr/search/src/backup/backup.go:361.67,362.12 1 1
github.com/apimgr/search/src/backup/backup.go:365.3,366.17 2 1
github.com/apimgr/search/src/backup/backup.go:366.17,367.12 1 0
github.com/apimgr/search/src/backup/backup.go:370.3,380.22 4 1
github.com/apimgr/search/src/backup/backup.go:380.22,384.4 3 1
github.com/apimgr/search/src/backup/backup.go:386.3,386.32 1 1
github.com/apimgr/search/src/backup/backup.go:389.2,389.21 1 1
github.com/apimgr/search/src/backup/backup.go:394.75,396.16 2 1
github.com/apimgr/search/src/backup/backup.go:396.16,398.3 1 1
github.com/apimgr/search/src/backup/backup.go:399.2,402.16 3 1
github.com/apimgr/search/src/backup/backup.go:402.16,404.3 1 1
github.com/apimgr/search/src/backup/backup.go:405.2,409.6 3 1
github.com/apimgr/search/src/backup/backup.go:409.6,411.20 2 1
github.com/apimgr/search/src/backup/backup.go:411.20,413.4 1 1
github.com/apimgr/search/src/backup/backup.go:414.3,414.17 1 1
github.com/apimgr/search/src/backup/backup.go:414.17,416.4 1 1
github.com/apimgr/search/src/backup/backup.go:419.3,419.69 1 1
github.com/apimgr/search/src/backup/backup.go:419.69,421.71 2 1
github.com/apimgr/search/src/backup/backup.go:421.71,423.5 1 1
github.com/apimgr/search/src/backup/backup.go:424.4,424.25 1 1
github.com/apimgr/search/src/backup/backup.go:430.49,434.49 2 1
github.com/apimgr/search/src/backup/backup.go:434.49,436.3 1 1
github.com/apimgr/search/src/backup/backup.go:438.2,438.30 1 1
github.com/apimgr/search/src/backup/backup.go:453.42,455.20 2 1
github.com/apimgr/search/src/backup/backup.go:455.20,457.3 1 1
github.com/apimgr/search/src/backup/backup.go:458.2,459.48 2 1
github.com/apimgr/search/src/backup/backup.go:459.48,462.3 2 1
github.com/apimgr/search/src/backup/backup.go:463.2,463.78 1 1
github.com/apimgr/search/src/backup/backup.go:467.56,470.16 2 1
github.com/apimgr/search/src/backup/backup.go:470.16,472.3 1 1
github.com/apimgr/search/src/backup/backup.go:475.2,476.16 2 1
github.com/apimgr/search/src/backup/backup.go:476.16,478.3 1 0
github.com/apimgr/search/src/backup/backup.go:481.2,481.30 1 1
github.com/apimgr/search/src/backup/backup.go:481.30,484.45 1 1
github.com/apimgr/search/src/backup/backup.go:484.45,485.56 1 1
github.com/apimgr/search/src/backup/backup.go:485.56,488.5 1 0
github.com/apimgr/search/src/backup/backup.go:492.2,492.12 1 1
github.com/apimgr/search/src/backup/backup.go:507.47,515.2 1 1
github.com/apimgr/search/src/backup/backup.go:519.64,521.16 2 1
github.com/apimgr/search/src/backup/backup.go:521.16,523.3 1 1
github.com/apimgr/search/src/backup/backup.go:525.2,525.34 1 1
github.com/apimgr/search/src/backup/backup.go:525.34,527.3 1 1
github.com/apimgr/search/src/backup/backup.go:529.2,533.28 3 1
github.com/apimgr/search/src/backup/backup.go:533.28,540.25 3 1
github.com/apimgr/search/src/backup/backup.go:540.25,542.4 1 1
github.com/apimgr/search/src/backup/backup.go:545.3,545.51 1 1
github.com/apimgr/search/src/backup/backup.go:545.51,547.4 1 1
github.com/apimgr/search/src/backup/backup.go:550.3,550.54 1 1
github.com/apimgr/search/src/backup/backup.go:550.54,551.44 1 1
github.com/apimgr/search/src/backup/backup.go:551.44,553.5 1 0
github.com/apimgr/search/src/backup/backup.go:557.3,557.56 1 1
github.com/apimgr/search/src/backup/backup.go:557.56,558.30 1 1
github.com/apimgr/search/src/backup/backup.go:558.30,560.5 1 1
github.com/apimgr/search/src/backup/backup.go:564.3,564.56 1 1
github.com/apimgr/search/src/backup/backup.go:564.56,565.69 1 1
github.com/apimgr/search/src/backup/backup.go:565.69,567.5 1 1
github.com/apimgr/search/src/backup/backup.go:570.3,570.12 1 1
github.com/apimgr/search/src/backup/backup.go:570.12,572.4 1 1
github.com/apimgr/search/src/backup/backup.go:576.2,576.36 1 1
github.com/apimgr/search/src/backup/backup.go:576.36,577.44 1 1
github.com/apimgr/search/src/backup/backup.go:577.44,579.4 1 0
github.com/apimgr/search/src/backup/backup.go:582.2,582.12 1 1
github.com/apimgr/search/src/backup/backup.go:587.68,588.22 1 1
github.com/apimgr/search/src/backup/backup.go:588.22,590.3 1 1
github.com/apimgr/search/src/backup/backup.go:593.2,594.16 2 1
github.com/apimgr/search/src/backup/backup.go:594.16,596.3 1 0
github.com/apimgr/search/src/backup/backup.go:599.2,600.16 2 1
github.com/apimgr/search/src/backup/backup.go:600.16,603.3 2 0
github.com/apimgr/search/src/backup/backup.go:606.2,607.16 2 1
github.com/apimgr/search/src/backup/backup.go:607.16,610.3 2 0
github.com/apimgr/search/src/backup/backup.go:613.2,614.69 2 1
github.com/apimgr/search/src/backup/backup.go:614.69,617.3 2 0
github.com/apimgr/search/src/backup/backup.go:620.2,622.27 2 1
github.com/apimgr/search/src/backup/backup.go:627.61,628.22 1 1
github.com/apimgr/search/src/backup/backup.go:628.22,630.3 1 1
github.com/apimgr/search/src/backup/backup.go:633.2,633.47 1 1
github.com/apimgr/search/src/backup/backup.go:633.47,635.3 1 1
github.com/apimgr/search/src/backup/backup.go:638.2,638.44 1 1
github.com/apimgr/search/src/backup/backup.go:638.44,641.3 1 1
github.com/apimgr/search/src/backup/backup.go:644.2,645.16 2 1
github.com/apimgr/search/src/backup/backup.go:645.16,647.3 1 0
github.com/apimgr/search/src/backup/backup.go:650.2,651.16 2 1
github.com/apimgr/search/src/backup/backup.go:651.16,653.3 1 1
github.com/apimgr/search/src/backup/backup.go:656.2,657.64 2 1
github.com/apimgr/search/src/backup/backup.go:657.64,659.3 1 0
github.com/apimgr/search/src/backup/backup.go:660.2,663.28 2 1
github.com/apimgr/search/src/backup/backup.go:668.42,670.2 1 1
github.com/apimgr/search/src/backup/backup.go:691.80,698.16 3 1
github.com/apimgr/search/src/backup/backup.go:698.16,701.3 2 1
github.com/apimgr/search/src/backup/backup.go:702.2,705.22 2 1
github.com/apimgr/search/src/backup/backup.go:705.22,707.3 1 1
github.com/apimgr/search/src/backup/backup.go:707.8,709.3 1 1
github.com/apimgr/search/src/backup/backup.go:712.2,715.17 3 1
github.com/apimgr/search/src/backup/backup.go:715.17,716.23 1 1
github.com/apimgr/search/src/backup/backup.go:716.23,720.4 3 1
github.com/apimgr/search/src/backup/backup.go:722.3,723.17 2 1
github.com/apimgr/search/src/backup/backup.go:723.17,726.4 2 1
github.com/apimgr/search/src/backup/backup.go:728.3,729.17 2 1
github.com/apimgr/search/src/backup/backup.go:729.17,733.4 3 1
github.com/apimgr/search/src/backup/backup.go:734.3,735.27 2 1
github.com/apimgr/search/src/backup/backup.go:736.8,739.17 3 1
github.com/apimgr/search/src/backup/backup.go:739.17,742.4 2 0
github.com/apimgr/search/src/backup/backup.go:746.2,747.16 2 1
github.com/apimgr/search/src/backup/backup.go:747.16,749.3 1 1
github.com/apimgr/search/src/backup/backup.go:749.8,753.59 2 1
github.com/apimgr/search/src/backup/backup.go:753.59,756.42 3 1
github.com/apimgr/search/src/backup/backup.go:756.42,758.5 1 1
github.com/apimgr/search/src/backup/backup.go:758.10,760.5 1 1
github.com/apimgr/search/src/backup/backup.go:761.9,764.4 1 1
github.com/apimgr/search/src/backup/backup.go:768.2,770.20 2 1
github.com/apimgr/search/src/backup/backup.go:774.80,777.16 3 1
github.com/apimgr/search/src/backup/backup.go:777.16,779.3 1 1
github.com/apimgr/search/src/backup/backup.go:780.2,784.6 3 1
github.com/apimgr/search/src/backup/backup.go:784.6,786.20 2 1
github.com/apimgr/search/src/backup/backup.go:786.20,788.4 1 0
github.com/apimgr/search/src/backup/backup.go:789.3,789.17 1 1
github.com/apimgr/search/src/backup/backup.go:789.17,791.4 1 1
github.com/apimgr/search/src/backup/backup.go:793.3,793.69 1 1
github.com/apimgr/search/src/backup/backup.go:793.69,795.71 2 1
github.com/apimgr/search/src/backup/backup.go:795.71,797.5 1 0
github.com/apimgr/search/src/backup/backup.go:798.4,798.25 1 1
github.com/apimgr/search/src/backup/backup.go:805.89,808.16 2 1
github.com/apimgr/search/src/backup/backup.go:808.16,810.3 1 1
github.com/apimgr/search/src/backup/backup.go:813.2,814.16 2 1
github.com/apimgr/search/src/backup/backup.go:814.16,818.3 2 0
github.com/apimgr/search/src/backup/backup.go:820.2,820.23 1 1
github.com/apimgr/search/src/backup/backup.go:820.23,824.3 2 0
github.com/apimgr/search/src/backup/backup.go:826.2,826.32 1 1
github.com/apimgr/search/src/backup/backup.go:831.98,834.16 2 1
github.com/apimgr/search/src/backup/backup.go:834.16,836.3 1 1
github.com/apimgr/search/src/backup/backup.go:839.2,840.16 2 1
github.com/apimgr/search/src/backup/backup.go:840.16,843.3 2 0
github.com/apimgr/search/src/backup/backup.go:845.2,845.23 1 1
github.com/apimgr/search/src/backup/backup.go:845.23,848.3 2 0
github.com/apimgr/search/src/backup/backup.go:850.2,850.32 1 1
github.com/apimgr/search/src/backup/backup.go:855.72,858.16 2 1
github.com/apimgr/search/src/backup/backup.go:858.16,861.3 1 1
github.com/apimgr/search/src/backup/backup.go:863.2,863.23 1 1
github.com/apimgr/search/src/backup/backup.go:863.23,866.3 1 0
github.com/apimgr/search/src/backup/backup.go:869.2,870.16 2 1
github.com/apimgr/search/src/backup/backup.go:870.16,872.3 1 0
github.com/apimgr/search/src/backup/backup.go:875.2,875.30 1 1
github.com/apimgr/search/src/backup/backup.go:875.30,876.45 1 1
github.com/apimgr/search/src/backup/backup.go:876.45,878.37 1 1
github.com/apimgr/search/src/backup/backup.go:878.37,879.13 1 1
github.com/apimgr/search/src/backup/backup.go:881.4,881.56 1 1
github.com/apimgr/search/src/backup/backup.go:881.56,883.5 1 0
github.com/apimgr/search/src/backup/backup.go:887.2,887.12 1 1
github.com/apimgr/search/src/backup/encryption.go:30.66,31.20 1 1
github.com/apimgr/search/src/backup/encryption.go:31.20,33.3 1 1
github.com/apimgr/search/src/backup/encryption.go:36.2,37.43 2 1
github.com/apimgr/search/src/backup/encryption.go:37.43,39.3 1 0
github.com/apimgr/search/src/backup/encryption.go:42.2,53.16 3 1
github.com/apimgr/search/src/backup/encryption.go:53.16,55.3 1 0
github.com/apimgr/search/src/backup/encryption.go:58.2,59.16 2 1
github.com/apimgr/search/src/backup/encryption.go:59.16,61.3 1 0
github.com/apimgr/search/src/backup/encryption.go:64.2,65.44 2 1
github.com/apimgr/search/src/backup/encryption.go:65.44,67.3 1 0
github.com/apimgr/search/src/backup/encryption.go:70.2,79.23 6 1
github.com/apimgr/search/src/backup/encryption.go:84.71,85.20 1 1
github.com/apimgr/search/src/backup/encryption.go:85.20,87.3 1 1
github.com/apimgr/search/src/backup/encryption.go:90.2,91.30 2 1
github.com/apimgr/search/src/backup/encryption.go:91.30,93.3 1 1
github.com/apimgr/search/src/backup/encryption.go:96.2,112.16 6 1
github.com/apimgr/search/src/backup/encryption.go:112.16,114.3 1 0
github.com/apimgr/search/src/backup/encryption.go:117.2,118.16 2 1
github.com/apimgr/search/src/backup/encryption.go:118.16,120.3 1 0
github.com/apimgr/search/src/backup/encryption.go:123.2,124.16 2 1
github.com/apimgr/search/src/backup/encryption.go:124.16,126.3 1 1
github.com/apimgr/search/src/backup/encryption.go:128.2,128.23 1 1
github.com/apimgr/search/src/backup/encryption.go:133.43,136.2 2 1
github.com/apimgr/search/src/backup/encryption.go:139.49,141.2 1 1
github.com/apimgr/search/src/backup/encryption.go:144.64,147.16 2 1
github.com/apimgr/search/src/backup/encryption.go:147.16,149.3 1 1
github.com/apimgr/search/src/backup/encryption.go:152.2,153.16 2 1
github.com/apimgr/search/src/backup/encryption.go:153.16,155.3 1 1
github.com/apimgr/search/src/backup/encryption.go:158.2,158.66 1 1
github.com/apimgr/search/src/backup/encryption.go:158.66,160.3 1 1
github.com/apimgr/search/src/backup/encryption.go:162.2,162.12 1 1
github.com/apimgr/search/src/backup/encryption.go:166.64,169.16 2 1
github.com/apimgr/search/src/backup/encryption.go:169.16,171.3 1 1
github.com/apimgr/search/src/backup/encryption.go:174.2,175.16 2 1
github.com/apimgr/search/src/backup/encryption.go:175.16,177.3 1 1
github.com/apimgr/search/src/backup/encryption.go:180.2,180.66 1 1
github.com/apimgr/search/src/backup/encryption.go:180.66,182.3 1 1
github.com/apimgr/search/src/backup/encryption.go:184.2,184.12 1 1
github.com/apimgr/search/src/admin/auth.go:52.54,63.2 3 1
github.com/apimgr/search/src/admin/auth.go:67.53,71.2 3 1
github.com/apimgr/search/src/admin/auth.go:83.69,86.25 1 1
github.com/apimgr/search/src/admin/auth.go:86.25,88.3 1 1
github.com/apimgr/search/src/admin/auth.go:90.2,94.84 3 1
github.com/apimgr/search/src/admin/auth.go:94.84,96.3 1 1
github.com/apimgr/search/src/admin/auth.go:99.2,104.20 2 1
github.com/apimgr/search/src/admin/auth.go:104.20,106.3 1 1
github.com/apimgr/search/src/admin/auth.go:109.2,110.50 2 1
github.com/apimgr/search/src/admin/auth.go:110.50,112.3 1 1
github.com/apimgr/search/src/admin/auth.go:116.2,116.82 1 1
github.com/apimgr/search/src/admin/auth.go:120.60,123.21 2 1
github.com/apimgr/search/src/admin/auth.go:123.21,125.3 1 1
github.com/apimgr/search/src/admin/auth.go:127.2,127.28 1 1
github.com/apimgr/search/src/admin/auth.go:127.28,129.3 1 0
github.com/apimgr/search/src/admin/auth.go:131.2,132.66 2 1
github.com/apimgr/search/src/admin/auth.go:132.66,134.3 1 0
github.com/apimgr/search/src/admin/auth.go:136.2,138.92 3 1
github.com/apimgr/search/src/admin/auth.go:138.92,140.3 1 1
github.com/apimgr/search/src/admin/auth.go:142.2,143.16 2 1
github.com/apimgr/search/src/admin/auth.go:143.16,145.3 1 0
github.com/apimgr/search/src/admin/auth.go:147.2,148.16 2 1
github.com/apimgr/search/src/admin/auth.go:148.16,150.3 1 0
github.com/apimgr/search/src/admin/auth.go:153.2,156.68 2 1
github.com/apimgr/search/src/admin/auth.go:161.84,183.18 6 1
github.com/apimgr/search/src/admin/auth.go:183.18,189.17 3 1
github.com/apimgr/search/src/admin/auth.go:189.18,192.4 0 0
github.com/apimgr/search/src/admin/auth.go:196.2,197.16 2 1
github.com/apimgr/search/src/admin/auth.go:202.75,207.8 4 1
github.com/apimgr/search/src/admin/auth.go:207.8,209.42 1 1
github.com/apimgr/search/src/admin/auth.go:209.42,211.4 1 0
github.com/apimgr/search/src/admin/auth.go:212.3,212.23 1 1
github.com/apimgr/search/src/admin/auth.go:216.2,216.18 1 1
github.com/apimgr/search/src/admin/auth.go:216.18,225.17 5 1
github.com/apimgr/search/src/admin/auth.go:225.17,232.4 5 1
github.com/apimgr/search/src/admin/auth.go:235.2,235.19 1 1
github.com/apimgr/search/src/admin/auth.go:240.56,246.18 4 1
github.com/apimgr/search/src/admin/auth.go:246.18,249.3 2 1
github.com/apimgr/search/src/admin/auth.go:254.62,259.9 4 1
github.com/apimgr/search/src/admin/auth.go:259.9,261.3 1 1
github.com/apimgr/search/src/admin/auth.go:266.2,272.18 4 1
github.com/apimgr/search/src/admin/auth.go:272.18,275.3 2 0
github.com/apimgr/search/src/admin/auth.go:277.2,277.13 1 1
github.com/apimgr/search/src/admin/auth.go:281.112,298.2 6 1
github.com/apimgr/search/src/admin/auth.go:301.73,306.43 3 1
github.com/apimgr/search/src/admin/auth.go:306.43,307.94 1 1
github.com/apimgr/search/src/admin/auth.go:307.94,315.4 1 1
github.com/apimgr/search/src/admin/auth.go:319.2,320.9 2 1
github.com/apimgr/search/src/admin/auth.go:320.9,322.3 1 1
github.com/apimgr/search/src/admin/auth.go:325.2,325.42 1 1
github.com/apimgr/search/src/admin/auth.go:325.42,327.3 1 1
github.com/apimgr/search/src/admin/auth.go:330.2,332.23 2 1
github.com/apimgr/search/src/admin/auth.go:336.58,340.35 3 1
github.com/apimgr/search/src/admin/auth.go:340.35,343.3 2 1
github.com/apimgr/search/src/admin/auth.go:344.2,344.14 1 1
github.com/apimgr/search/src/admin/auth.go:348.52,353.30 4 1
github.com/apimgr/search/src/admin/auth.go:353.30,364.3 1 1
github.com/apimgr/search/src/admin/auth.go:365.2,365.15 1 1
github.com/apimgr/search/src/admin/auth.go:369.38,373.21 3 1
github.com/apimgr/search/src/admin/auth.go:373.21,375.3 1 0
github.com/apimgr/search/src/admin/auth.go:380.34,387.39 4 1
github.com/apimgr/search/src/admin/auth.go:387.39,388.35 1 1
github.com/apimgr/search/src/admin/auth.go:388.35,390.4 1 1
github.com/apimgr/search/src/admin/auth.go:394.2,394.35 1 1
github.com/apimgr/search/src/admin/auth.go:394.35,395.33 1 1
github.com/apimgr/search/src/admin/auth.go:395.33,397.4 1 1
github.com/apimgr/search/src/admin/auth.go:401.2,401.18 1 1
github.com/apimgr/search/src/admin/auth.go:401.18,404.3 2 0
github.com/apimgr/search/src/admin/auth.go:408.87,419.2 2 1
github.com/apimgr/search/src/admin/auth.go:422.66,431.2 2 1
github.com/apimgr/search/src/admin/auth.go:434.85,436.16 2 1
github.com/apimgr/search/src/admin/auth.go:436.16,438.3 1 1
github.com/apimgr/search/src/admin/auth.go:439.2,439.36 1 1
github.com/apimgr/search/src/admin/auth.go:443.68,445.16 2 1
github.com/apimgr/search/src/admin/auth.go:445.16,447.3 1 1
github.com/apimgr/search/src/admin/auth.go:450.2,450.40 1 1
github.com/apimgr/search/src/admin/auth.go:450.40,452.3 1 1
github.com/apimgr/search/src/admin/auth.go:454.2,454.11 1 1
github.com/apimgr/search/src/admin/auth.go:460.45,462.44 2 1
github.com/apimgr/search/src/admin/auth.go:462.44,465.3 1 0
github.com/apimgr/search/src/admin/auth.go:466.2,466.58 1 1
github.com/apimgr/search/src/admin/auth.go:470.43,473.43 2 1
github.com/apimgr/search/src/admin/auth.go:473.43,475.3 1 0
github.com/apimgr/search/src/admin/auth.go:478.2,485.77 4 1
github.com/apimgr/search/src/admin/auth.go:489.43,491.2 1 1
github.com/apimgr/search/src/admin/auth.go:494.49,496.2 1 1
github.com/apimgr/search/src/admin/auth.go:499.37,500.22 1 1
github.com/apimgr/search/src/admin/auth.go:500.22,502.3 1 1
github.com/apimgr/search/src/admin/auth.go:503.2,503.49 1 1
github.com/apimgr/search/src/admin/auth.go:507.42,510.21 2 1
github.com/apimgr/search/src/admin/auth.go:510.21,513.3 2 1
github.com/apimgr/search/src/admin/auth.go:516.2,517.18 2 1
github.com/apimgr/search/src/admin/auth.go:517.18,519.3 1 1
github.com/apimgr/search/src/admin/auth.go:522.2,523.50 2 1
github.com/apimgr/search/src/admin/auth.go:523.50,525.3 1 1
github.com/apimgr/search/src/admin/auth.go:526.2,526.11 1 1
github.com/apimgr/search/src/admin/external_auth.go:60.87,65.2 1 1
github.com/apimgr/search/src/admin/external_auth.go:68.88,70.21 2 1
github.com/apimgr/search/src/admin/external_auth.go:70.21,72.3 1 1
github.com/apimgr/search/src/admin/external_auth.go:73.2,73.23 1 1
github.com/apimgr/search/src/admin/external_auth.go:73.23,75.3 1 1
github.com/apimgr/search/src/admin/external_auth.go:78.2,86.21 8 1
github.com/apimgr/search/src/admin/external_auth.go:90.122,92.21 2 0
github.com/apimgr/search/src/admin/external_auth.go:92.21,94.3 1 0
github.com/apimgr/search/src/admin/external_auth.go:97.2,106.16 9 0
github.com/apimgr/search/src/admin/external_auth.go:106.16,108.3 1 0
github.com/apimgr/search/src/admin/external_auth.go:109.2,113.16 4 0
github.com/apimgr/search/src/admin/external_auth.go:113.16,115.3 1 0
github.com/apimgr/search/src/admin/external_auth.go:116.2,118.38 2 0
github.com/apimgr/search/src/admin/external_auth.go:118.38,121.3 2 0
github.com/apimgr/search/src/admin/external_auth.go:123.2,124.70 2 0
github.com/apimgr/search/src/admin/external_auth.go:124.70,126.3 1 0
github.com/apimgr/search/src/admin/external_auth.go:128.2,128.24 1 0
github.com/apimgr/search/src/admin/external_auth.go:132.123,134.21 2 0
github.com/apimgr/search/src/admin/external_auth.go:134.21,136.3 1 0
github.com/apimgr/search/src/admin/external_auth.go:138.2,140.16 3 0
github.com/apimgr/search/src/admin/external_auth.go:140.16,142.3 1 0
github.com/apimgr/search/src/admin/external_auth.go:143.2,147.16 4 0
github.com/apimgr/search/src/admin/external_auth.go:147.16,149.3 1 0
github.com/apimgr/search/src/admin/external_auth.go:150.2,152.38 2 0
github.com/apimgr/search/src/admin/external_auth.go:152.38,155.3 2 0
github.com/apimgr/search/src/admin/external_auth.go:157.2,158.69 2 0
github.com/apimgr/search/src/admin/external_auth.go:158.69,160.3 1 0
github.com/apimgr/search/src/admin/external_auth.go:162.2,162.23 1 0
github.com/apimgr/search/src/admin/external_auth.go:166.112,169.22 2 1
github.com/apimgr/search/src/admin/external_auth.go:170.14,172.22 2 1
github.com/apimgr/search/src/admin/external_auth.go:172.22,174.4 1 1
github.com/apimgr/search/src/admin/external_auth.go:175.14,177.22 2 1
github.com/apimgr/search/src/admin/external_auth.go:177.22,179.4 1 1
github.com/apimgr/search/src/admin/external_auth.go:183.2,183.35 1 1
github.com/apimgr/search/src/admin/external_auth.go:183.35,184.42 1 1
github.com/apimgr/search/src/admin/external_auth.go:184.42,185.48 1 1
github.com/apimgr/search/src/admin/external_auth.go:185.48,187.5 1 1
github.com/apimgr/search/src/admin/external_auth.go:191.2,191.14 1 1
github.com/apimgr/search/src/admin/external_auth.go:195.151,200.16 3 0
github.com/apimgr/search/src/admin/external_auth.go:200.16,202.3 1 0
github.com/apimgr/search/src/admin/external_auth.go:204.2,204.21 1 0
github.com/apimgr/search/src/admin/external_auth.go:204.21,212.62 6 0
github.com/apimgr/search/src/admin/external_auth.go:212.62,214.4 1 0
github.com/apimgr/search/src/admin/external_auth.go:217.3,217.15 1 0
github.com/apimgr/search/src/admin/external_auth.go:217.15,218.66 1 0
github.com/apimgr/search/src/admin/external_auth.go:218.66,220.5 1 0
github.com/apimgr/search/src/admin/external_auth.go:223.3,223.23 1 0
github.com/apimgr/search/src/admin/external_auth.go:227.2,227.14 1 0
github.com/apimgr/search/src/admin/external_auth.go:227.14,229.3 1 0
github.com/apimgr/search/src/admin/external_auth.go:232.2,243.58 2 0
github.com/apimgr/search/src/admin/external_auth.go:243.58,245.3 1 0
github.com/apimgr/search/src/admin/external_auth.go:247.2,247.19 1 0
github.com/apimgr/search/src/admin/external_auth.go:251.138,259.2 2 0
github.com/apimgr/search/src/admin/external_auth.go:262.144,273.2 2 0
github.com/apimgr/search/src/admin/external_auth.go:275.87,284.16 5 0
github.com/apimgr/search/src/admin/external_auth.go:284.16,285.27 1 0
github.com/apimgr/search/src/admin/external_auth.go:285.27,287.4 1 0
github.com/apimgr/search/src/admin/external_auth.go:288.3,288.18 1 0
github.com/apimgr/search/src/admin/external_auth.go:292.2,292.22 1 0
github.com/apimgr/search/src/admin/external_auth.go:292.22,294.3 1 0
github.com/apimgr/search/src/admin/external_auth.go:296.2,296.21 1 0
github.com/apimgr/search/src/admin/external_auth.go:296.21,298.3 1 0
github.com/apimgr/search/src/admin/external_auth.go:300.2,300.20 1 0
github.com/apimgr/search/src/admin/external_auth.go:303.100,310.16 3 0
github.com/apimgr/search/src/admin/external_auth.go:310.16,312.3 1 0
github.com/apimgr/search/src/admin/external_auth.go:314.2,315.12 2 0
github.com/apimgr/search/src/admin/external_auth.go:318.100,327.2 3 0
github.com/apimgr/search/src/admin/external_auth.go:329.93,334.2 2 0
github.com/apimgr/search/src/admin/external_auth.go:336.85,337.43 1 1
github.com/apimgr/search/src/admin/external_auth.go:337.43,338.44 1 1
github.com/apimgr/search/src/admin/external_auth.go:338.44,340.4 1 1
github.com/apimgr/search/src/admin/external_auth.go:342.2,342.12 1 1
github.com/apimgr/search/src/admin/external_auth.go:345.77,346.43 1 1
github.com/apimgr/search/src/admin/external_auth.go:346.43,347.44 1 1
github.com/apimgr/search/src/admin/external_auth.go:347.44,349.4 1 1
github.com/apimgr/search/src/admin/external_auth.go:351.2,351.12 1 0
github.com/apimgr/search/src/admin/external_auth.go:355.85,357.46 2 1
github.com/apimgr/search/src/admin/external_auth.go:357.46,358.16 1 1
github.com/apimgr/search/src/admin/external_auth.go:358.16,360.4 1 1
github.com/apimgr/search/src/admin/external_auth.go:362.2,362.18 1 1
github.com/apimgr/search/src/admin/external_auth.go:366.77,368.46 2 1
github.com/apimgr/search/src/admin/external_auth.go:368.46,369.16 1 1
github.com/apimgr/search/src/admin/external_auth.go:369.16,371.4 1 1
github.com/apimgr/search/src/admin/external_auth.go:373.2,373.18 1 1
github.com/apimgr/search/src/admin/external_auth.go:377.34,379.45 2 1
github.com/apimgr/search/src/admin/external_auth.go:379.45,381.3 1 0
github.com/apimgr/search/src/admin/external_auth.go:382.2,383.38 2 1
github.com/apimgr/search/src/admin/external_auth.go:387.50,389.2 1 1
github.com/apimgr/search/src/admin/external_auth.go:393.49,395.2 1 1
github.com/apimgr/search/src/admin/handlers.go:145.65,152.2 1 1
github.com/apimgr/search/src/admin/handlers.go:155.56,157.2 1 1
github.com/apimgr/search/src/admin/handlers.go:160.56,162.2 1 1
github.com/apimgr/search/src/admin/handlers.go:165.46,167.2 1 1
github.com/apimgr/search/src/admin/handlers.go:170.46,174.2 3 1
github.com/apimgr/search/src/admin/handlers.go:177.70,187.2 2 1
github.com/apimgr/search/src/admin/handlers.go:190.87,192.58 2 1
github.com/apimgr/search/src/admin/handlers.go:192.58,194.3 1 1
github.com/apimgr/search/src/admin/handlers.go:196.2,198.14 3 1
github.com/apimgr/search/src/admin/handlers.go:202.59,204.19 2 1
github.com/apimgr/search/src/admin/handlers.go:204.19,206.3 1 1
github.com/apimgr/search/src/admin/handlers.go:207.2,208.16 2 1
github.com/apimgr/search/src/admin/handlers.go:208.16,210.3 1 1
github.com/apimgr/search/src/admin/handlers.go:211.2,212.17 2 1
github.com/apimgr/search/src/admin/handlers.go:212.17,214.3 1 1
github.com/apimgr/search/src/admin/handlers.go:215.2,215.30 1 1
github.com/apimgr/search/src/admin/handlers.go:220.111,227.2 1 1
github.com/apimgr/search/src/admin/handlers.go:231.56,233.2 1 1
github.com/apimgr/search/src/admin/handlers.go:236.54,238.2 1 1
github.com/apimgr/search/src/admin/handlers.go:241.56,243.2 1 1
github.com/apimgr/search/src/admin/handlers.go:246.48,248.2 1 1
[...]
github.com/apimgr/search/src/widget/weather.go:157.2,157.31 1 1
github.com/apimgr/search/src/widget/weather.go:157.31,159.3 1 0
github.com/apimgr/search/src/widget/weather.go:161.2,163.25 3 1
github.com/apimgr/search/src/widget/weather.go:163.25,165.3 1 1
github.com/apimgr/search/src/widget/weather.go:166.2,166.26 1 1
github.com/apimgr/search/src/widget/weather.go:166.26,168.3 1 1
github.com/apimgr/search/src/widget/weather.go:170.2,170.61 1 1
github.com/apimgr/search/src/widget/weather.go:174.114,177.25 3 1
github.com/apimgr/search/src/widget/weather.go:177.25,180.3 2 0
github.com/apimgr/search/src/widget/weather.go:182.2,186.16 3 1
github.com/apimgr/search/src/widget/weather.go:186.16,188.3 1 0
github.com/apimgr/search/src/widget/weather.go:190.2,191.16 2 1
github.com/apimgr/search/src/widget/weather.go:191.16,193.3 1 0
github.com/apimgr/search/src/widget/weather.go:194.2,196.38 2 1
github.com/apimgr/search/src/widget/weather.go:196.38,198.3 1 0
github.com/apimgr/search/src/widget/weather.go:200.2,201.72 2 1
github.com/apimgr/search/src/widget/weather.go:201.72,203.3 1 0
github.com/apimgr/search/src/widget/weather.go:206.2,211.52 4 1
github.com/apimgr/search/src/widget/weather.go:211.52,213.3 1 1
github.com/apimgr/search/src/widget/weather.go:214.2,214.53 1 1
github.com/apimgr/search/src/widget/weather.go:214.53,216.3 1 1
github.com/apimgr/search/src/widget/weather.go:218.2,225.8 1 1
github.com/apimgr/search/src/widget/weather.go:229.58,230.14 1 1
github.com/apimgr/search/src/widget/weather.go:231.9,232.30 1 1
github.com/apimgr/search/src/widget/weather.go:233.9,234.33 1 1
github.com/apimgr/search/src/widget/weather.go:235.9,236.42 1 1
github.com/apimgr/search/src/widget/weather.go:237.9,238.30 1 1
github.com/apimgr/search/src/widget/weather.go:239.14,240.24 1 1
github.com/apimgr/search/src/widget/weather.go:241.18,242.27 1 1
github.com/apimgr/search/src/widget/weather.go:243.14,244.36 1 1
github.com/apimgr/search/src/widget/weather.go:245.18,246.24 1 1
github.com/apimgr/search/src/widget/weather.go:247.14,248.33 1 1
github.com/apimgr/search/src/widget/weather.go:249.18,250.24 1 1
github.com/apimgr/search/src/widget/weather.go:251.10,252.31 1 1
github.com/apimgr/search/src/widget/weather.go:253.18,254.32 1 1
github.com/apimgr/search/src/widget/weather.go:255.14,256.32 1 1
github.com/apimgr/search/src/widget/weather.go:257.10,258.40 1 1
github.com/apimgr/search/src/widget/weather.go:259.14,260.50 1 1
github.com/apimgr/search/src/widget/weather.go:261.10,262.29 1 1
github.com/apimgr/search/src/widget/widgets.go:86.53,88.2 1 1
github.com/apimgr/search/src/widget/widgets.go:91.60,93.2 1 0
github.com/apimgr/search/src/widget/widgets.go:96.67,108.2 3 1
github.com/apimgr/search/src/widget/widgets.go:111.37,140.28 2 1
github.com/apimgr/search/src/widget/widgets.go:140.28,142.3 1 1
github.com/apimgr/search/src/widget/widgets.go:146.52,150.2 3 1
github.com/apimgr/search/src/widget/widgets.go:153.60,157.2 3 1
github.com/apimgr/search/src/widget/widgets.go:160.45,165.30 4 1
github.com/apimgr/search/src/widget/widgets.go:165.30,167.3 1 1
github.com/apimgr/search/src/widget/widgets.go:168.2,168.15 1 1
github.com/apimgr/search/src/widget/widgets.go:172.75,177.30 4 1
github.com/apimgr/search/src/widget/widgets.go:177.30,178.29 1 1
github.com/apimgr/search/src/widget/widgets.go:178.29,180.4 1 1
github.com/apimgr/search/src/widget/widgets.go:182.2,182.15 1 1
github.com/apimgr/search/src/widget/widgets.go:186.48,187.57 1 1
github.com/apimgr/search/src/widget/widgets.go:187.57,189.3 1 1
github.com/apimgr/search/src/widget/widgets.go:191.2,191.65 1 1
github.com/apimgr/search/src/widget/widgets.go:195.126,200.9 4 1
github.com/apimgr/search/src/widget/widgets.go:200.9,206.3 1 1
github.com/apimgr/search/src/widget/widgets.go:209.2,210.45 2 1
github.com/apimgr/search/src/widget/widgets.go:210.45,212.3 1 1
github.com/apimgr/search/src/widget/widgets.go:215.2,216.16 2 1
github.com/apimgr/search/src/widget/widgets.go:216.16,222.3 1 1
github.com/apimgr/search/src/widget/widgets.go:225.2,227.18 2 1
github.com/apimgr/search/src/widget/widgets.go:231.89,233.27 2 1
github.com/apimgr/search/src/widget/widgets.go:233.27,235.3 1 1
github.com/apimgr/search/src/widget/widgets.go:236.2,236.12 1 1
github.com/apimgr/search/src/widget/widgets.go:240.53,242.2 1 1
github.com/apimgr/search/src/widget/widgets.go:245.36,247.2 1 1
github.com/apimgr/search/src/widget/widgets.go:250.63,251.20 1 1
github.com/apimgr/search/src/widget/widgets.go:251.20,253.3 1 1
github.com/apimgr/search/src/widget/widgets.go:255.2,255.20 1 1
github.com/apimgr/search/src/widget/widgets.go:256.21,257.34 1 1
github.com/apimgr/search/src/widget/widgets.go:258.18,259.31 1 1
github.com/apimgr/search/src/widget/widgets.go:260.20,261.33 1 1
github.com/apimgr/search/src/widget/widgets.go:262.20,263.33 1 1
github.com/apimgr/search/src/widget/widgets.go:264.20,265.33 1 1
github.com/apimgr/search/src/widget/widgets.go:266.17,267.30 1 1
github.com/apimgr/search/src/widget/widgets.go:268.10,270.14 1 1
github.com/apimgr/search/src/widget/widgets.go:275.27,276.20 1 0
github.com/apimgr/search/src/widget/widgets.go:276.20,278.3 1 0
github.com/apimgr/search/src/widget/wikipedia.go:28.46,32.2 1 1
github.com/apimgr/search/src/widget/wikipedia.go:35.102,37.17 2 1
github.com/apimgr/search/src/widget/wikipedia.go:37.17,43.3 1 1
github.com/apimgr/search/src/widget/wikipedia.go:45.2,46.16 2 1
github.com/apimgr/search/src/widget/wikipedia.go:46.16,48.3 1 0
github.com/apimgr/search/src/widget/wikipedia.go:51.2,56.16 3 1
github.com/apimgr/search/src/widget/wikipedia.go:56.16,58.3 1 0
github.com/apimgr/search/src/widget/wikipedia.go:59.2,62.16 3 1
github.com/apimgr/search/src/widget/wikipedia.go:62.16,64.3 1 0
github.com/apimgr/search/src/widget/wikipedia.go:65.2,67.28 2 1
github.com/apimgr/search/src/widget/wikipedia.go:67.28,73.3 1 0
github.com/apimgr/search/src/widget/wikipedia.go:75.2,89.67 2 1
github.com/apimgr/search/src/widget/wikipedia.go:89.67,91.3 1 0
github.com/apimgr/search/src/widget/wikipedia.go:93.2,106.8 2 1
github.com/apimgr/search/src/widget/wikipedia.go:110.58,112.2 1 1
github.com/apimgr/search/src/widget/wikipedia.go:115.52,117.2 1 1
github.com/apimgr/search/src/tls/dns.go:50.39,118.2 1 1
github.com/apimgr/search/src/tls/dns.go:121.50,122.35 1 1
github.com/apimgr/search/src/tls/dns.go:122.35,123.17 1 1
github.com/apimgr/search/src/tls/dns.go:123.17,125.4 1 1
github.com/apimgr/search/src/tls/dns.go:127.2,127.12 1 1
github.com/apimgr/search/src/tls/dns.go:132.102,133.20 1 1
github.com/apimgr/search/src/tls/dns.go:134.20,136.18 2 1
github.com/apimgr/search/src/tls/dns.go:136.18,138.4 1 1
github.com/apimgr/search/src/tls/dns.go:139.3,141.5 1 0
github.com/apimgr/search/src/tls/dns.go:143.27,146.34 3 1
github.com/apimgr/search/src/tls/dns.go:146.34,148.4 1 1
github.com/apimgr/search/src/tls/dns.go:149.3,152.5 1 0
github.com/apimgr/search/src/tls/dns.go:154.17,157.41 3 1
github.com/apimgr/search/src/tls/dns.go:157.41,159.4 1 1
github.com/apimgr/search/src/tls/dns.go:160.3,164.52 2 0
github.com/apimgr/search/src/tls/dns.go:164.52,166.4 1 0
github.com/apimgr/search/src/tls/dns.go:167.3,167.43 1 0
github.com/apimgr/search/src/tls/dns.go:169.22,171.18 2 1
github.com/apimgr/search/src/tls/dns.go:171.18,173.4 1 1
github.com/apimgr/search/src/tls/dns.go:174.3,176.5 1 0
github.com/apimgr/search/src/tls/dns.go:178.17,181.38 3 1
github.com/apimgr/search/src/tls/dns.go:181.38,183.4 1 1
github.com/apimgr/search/src/tls/dns.go:184.3,187.5 1 0
github.com/apimgr/search/src/tls/dns.go:189.19,193.54 4 1
github.com/apimgr/search/src/tls/dns.go:193.54,195.4 1 1
github.com/apimgr/search/src/tls/dns.go:196.3,200.5 1 0
github.com/apimgr/search/src/tls/dns.go:202.17,206.60 4 1
github.com/apimgr/search/src/tls/dns.go:206.60,208.4 1 1
github.com/apimgr/search/src/tls/dns.go:209.3,210.22 2 1
github.com/apimgr/search/src/tls/dns.go:210.22,212.4 1 1
github.com/apimgr/search/src/tls/dns.go:213.3,213.41 1 1
github.com/apimgr/search/src/tls/dns.go:213.41,215.4 1 1
github.com/apimgr/search/src/tls/dns.go:216.3,221.5 1 1
github.com/apimgr/search/src/tls/dns.go:223.10,224.65 1 1
github.com/apimgr/search/src/tls/dns.go:230.89,233.16 2 1
github.com/apimgr/search/src/tls/dns.go:233.16,235.3 1 0
github.com/apimgr/search/src/tls/dns.go:238.2,239.58 2 1
github.com/apimgr/search/src/tls/dns.go:239.58,241.3 1 0
github.com/apimgr/search/src/tls/dns.go:243.2,247.16 3 1
github.com/apimgr/search/src/tls/dns.go:247.16,249.3 1 0
github.com/apimgr/search/src/tls/dns.go:251.2,252.16 2 1
github.com/apimgr/search/src/tls/dns.go:252.16,254.3 1 0
github.com/apimgr/search/src/tls/dns.go:257.2,258.59 2 1
github.com/apimgr/search/src/tls/dns.go:258.59,260.3 1 0
github.com/apimgr/search/src/tls/dns.go:263.2,271.57 6 1
github.com/apimgr/search/src/tls/dns.go:275.87,278.16 2 1
github.com/apimgr/search/src/tls/dns.go:278.16,280.3 1 1
github.com/apimgr/search/src/tls/dns.go:283.2,283.24 1 1
github.com/apimgr/search/src/tls/dns.go:283.24,285.3 1 1
github.com/apimgr/search/src/tls/dns.go:286.2,293.16 4 1
github.com/apimgr/search/src/tls/dns.go:293.16,295.3 1 0
github.com/apimgr/search/src/tls/dns.go:297.2,298.16 2 1
github.com/apimgr/search/src/tls/dns.go:298.16,300.3 1 0
github.com/apimgr/search/src/tls/dns.go:303.2,304.34 2 1
github.com/apimgr/search/src/tls/dns.go:304.34,306.3 1 1
github.com/apimgr/search/src/tls/dns.go:307.2,312.16 4 1
github.com/apimgr/search/src/tls/dns.go:312.16,314.3 1 1
github.com/apimgr/search/src/tls/dns.go:317.2,318.64 2 1
github.com/apimgr/search/src/tls/dns.go:318.64,320.3 1 0
github.com/apimgr/search/src/tls/dns.go:322.2,322.25 1 1
github.com/apimgr/search/src/tls/dns.go:326.30,328.2 1 1
github.com/apimgr/search/src/tls/dns.go:350.69,352.88 1 1
github.com/apimgr/search/src/tls/dns.go:352.88,353.47 1 1
github.com/apimgr/search/src/tls/dns.go:353.47,355.56 1 1
github.com/apimgr/search/src/tls/dns.go:355.56,357.5 1 1
github.com/apimgr/search/src/tls/dns.go:358.4,358.15 1 1
github.com/apimgr/search/src/tls/dns.go:363.2,363.29 1 1
github.com/apimgr/search/src/tls/dns.go:369.41,371.49 1 1
github.com/apimgr/search/src/tls/dns.go:371.49,373.49 1 1
github.com/apimgr/search/src/tls/dns.go:373.49,375.4 1 1
github.com/apimgr/search/src/tls/dns.go:376.3,376.16 1 1
github.com/apimgr/search/src/tls/dns.go:380.2,380.66 1 1
github.com/apimgr/search/src/tls/dns.go:380.66,381.28 1 1
github.com/apimgr/search/src/tls/dns.go:381.28,383.4 1 1
github.com/apimgr/search/src/tls/dns.go:387.2,387.55 1 0
github.com/apimgr/search/src/tls/dns.go:387.55,388.28 1 0
github.com/apimgr/search/src/tls/dns.go:388.28,390.4 1 0
github.com/apimgr/search/src/tls/dns.go:394.2,394.41 1 0
github.com/apimgr/search/src/tls/dns.go:394.41,396.3 1 0
github.com/apimgr/search/src/tls/dns.go:399.2,399.41 1 0
github.com/apimgr/search/src/tls/dns.go:399.41,401.3 1 0
github.com/apimgr/search/src/tls/dns.go:404.2,404.20 1 0
github.com/apimgr/search/src/tls/dns.go:408.35,410.26 2 1
github.com/apimgr/search/src/tls/dns.go:410.26,412.3 1 1
github.com/apimgr/search/src/tls/dns.go:413.2,413.40 1 1
github.com/apimgr/search/src/tls/dns.go:413.40,415.3 1 1
github.com/apimgr/search/src/tls/dns.go:416.2,416.14 1 1
github.com/apimgr/search/src/tls/dns.go:421.46,425.85 2 1
github.com/apimgr/search/src/tls/dns.go:425.85,427.3 1 1
github.com/apimgr/search/src/tls/dns.go:430.2,430.31 1 1
github.com/apimgr/search/src/tls/dns.go:430.31,431.56 1 1
github.com/apimgr/search/src/tls/dns.go:431.56,433.4 1 1
github.com/apimgr/search/src/tls/dns.go:436.2,436.14 1 1
github.com/apimgr/search/src/tls/dns.go:441.29,443.16 2 1
github.com/apimgr/search/src/tls/dns.go:443.16,445.3 1 0
github.com/apimgr/search/src/tls/dns.go:446.2,446.29 1 1
github.com/apimgr/search/src/tls/dns.go:446.29,447.41 1 1
github.com/apimgr/search/src/tls/dns.go:447.41,450.66 2 1
github.com/apimgr/search/src/tls/dns.go:450.66,452.5 1 0
github.com/apimgr/search/src/tls/dns.go:455.2,455.11 1 1
github.com/apimgr/search/src/tls/dns.go:460.29,462.16 2 1
github.com/apimgr/search/src/tls/dns.go:462.16,464.3 1 0
github.com/apimgr/search/src/tls/dns.go:465.2,465.29 1 1
github.com/apimgr/search/src/tls/dns.go:465.29,466.41 1 1
github.com/apimgr/search/src/tls/dns.go:466.41,469.78 2 1
github.com/apimgr/search/src/tls/dns.go:469.78,471.5 1 0
github.com/apimgr/search/src/tls/dns.go:474.2,474.11 1 1
github.com/apimgr/search/src/tls/dns.go:479.31,481.18 2 1
github.com/apimgr/search/src/tls/dns.go:481.18,483.3 1 1
github.com/apimgr/search/src/tls/dns.go:484.2,486.26 3 1
github.com/apimgr/search/src/tls/dns.go:486.26,487.41 1 1
github.com/apimgr/search/src/tls/dns.go:487.41,489.4 1 1
github.com/apimgr/search/src/tls/dns.go:491.2,491.16 1 1
github.com/apimgr/search/src/tls/dns.go:496.33,498.22 2 1
github.com/apimgr/search/src/tls/dns.go:498.22,500.3 1 1
github.com/apimgr/search/src/tls/dns.go:503.2,506.32 2 1
github.com/apimgr/search/src/tls/dns.go:506.32,507.35 1 1
github.com/apimgr/search/src/tls/dns.go:507.35,509.4 1 1
github.com/apimgr/search/src/tls/dns.go:512.2,512.20 1 1
github.com/apimgr/search/src/tls/dns.go:516.46,518.16 2 1
github.com/apimgr/search/src/tls/dns.go:518.16,520.3 1 1
github.com/apimgr/search/src/tls/dns.go:521.2,521.13 1 1
github.com/apimgr/search/src/tls/dns.go:526.71,530.57 2 1
github.com/apimgr/search/src/tls/dns.go:530.57,532.3 1 1
github.com/apimgr/search/src/tls/dns.go:535.2,535.41 1 1
github.com/apimgr/search/src/tls/dns.go:535.41,537.3 1 0
github.com/apimgr/search/src/tls/dns.go:538.2,538.41 1 1
github.com/apimgr/search/src/tls/dns.go:538.41,540.3 1 0
github.com/apimgr/search/src/tls/dns.go:542.2,542.39 1 1
github.com/apimgr/search/src/tls/dns.go:546.60,548.13 2 1
github.com/apimgr/search/src/tls/dns.go:548.13,550.3 1 1
github.com/apimgr/search/src/tls/dns.go:553.2,553.58 1 1
github.com/apimgr/search/src/tls/dns.go:553.58,555.3 1 1
github.com/apimgr/search/src/tls/dns.go:557.2,557.53 1 1
github.com/apimgr/search/src/tls/tls.go:47.61,47.79 1 1
github.com/apimgr/search/src/tls/tls.go:48.61,48.86 1 1
github.com/apimgr/search/src/tls/tls.go:49.61,49.77 1 1
github.com/apimgr/search/src/tls/tls.go:52.65,54.2 1 1
github.com/apimgr/search/src/tls/tls.go:57.86,64.29 2 1
github.com/apimgr/search/src/tls/tls.go:64.29,67.22 2 1
github.com/apimgr/search/src/tls/tls.go:67.22,69.4 1 1
github.com/apimgr/search/src/tls/tls.go:71.3,71.20 1 1
github.com/apimgr/search/src/tls/tls.go:72.17,73.40 1 1
github.com/apimgr/search/src/tls/tls.go:73.40,76.5 2 1
github.com/apimgr/search/src/tls/tls.go:77.11,79.23 1 1
github.com/apimgr/search/src/tls/tls.go:81.8,81.52 1 1
github.com/apimgr/search/src/tls/tls.go:81.52,83.3 1 1
github.com/apimgr/search/src/tls/tls.go:85.2,85.10 1 1
github.com/apimgr/search/src/tls/tls.go:89.37,102.34 4 1
github.com/apimgr/search/src/tls/tls.go:102.34,106.3 1 1
github.com/apimgr/search/src/tls/tls.go:108.2,121.34 6 1
github.com/apimgr/search/src/tls/tls.go:121.34,123.3 1 1
github.com/apimgr/search/src/tls/tls.go:128.37,133.35 3 1
github.com/apimgr/search/src/tls/tls.go:133.35,135.3 1 1
github.com/apimgr/search/src/tls/tls.go:136.2,136.47 1 1
github.com/apimgr/search/src/tls/tls.go:136.47,138.3 1 1
github.com/apimgr/search/src/tls/tls.go:139.2,139.23 1 1
github.com/apimgr/search/src/tls/tls.go:139.23,141.3 1 1
github.com/apimgr/search/src/tls/tls.go:144.2,145.16 2 1
github.com/apimgr/search/src/tls/tls.go:145.16,147.3 1 1
github.com/apimgr/search/src/tls/tls.go:150.2,151.16 2 1
github.com/apimgr/search/src/tls/tls.go:151.16,153.3 1 1
github.com/apimgr/search/src/tls/tls.go:156.2,157.16 2 0
github.com/apimgr/search/src/tls/tls.go:157.16,159.3 1 0
github.com/apimgr/search/src/tls/tls.go:162.2,171.34 4 0
github.com/apimgr/search/src/tls/tls.go:171.34,173.3 1 0
github.com/apimgr/search/src/tls/tls.go:176.2,177.16 2 0
github.com/apimgr/search/src/tls/tls.go:177.16,179.3 1 0
github.com/apimgr/search/src/tls/tls.go:182.2,182.71 1 0
github.com/apimgr/search/src/tls/tls.go:182.71,184.3 1 0
github.com/apimgr/search/src/tls/tls.go:187.2,187.30 1 0
github.com/apimgr/search/src/tls/tls.go:187.30,189.17 2 0
github.com/apimgr/search/src/tls/tls.go:189.17,191.4 1 0
github.com/apimgr/search/src/tls/tls.go:192.3,192.26 1 0
github.com/apimgr/search/src/tls/tls.go:195.2,198.51 2 0
github.com/apimgr/search/src/tls/tls.go:198.51,200.3 1 0
github.com/apimgr/search/src/tls/tls.go:202.2,204.34 2 0
github.com/apimgr/search/src/tls/tls.go:204.34,206.3 1 0
github.com/apimgr/search/src/tls/tls.go:208.2,208.12 1 0
github.com/apimgr/search/src/tls/tls.go:212.71,217.16 3 1
github.com/apimgr/search/src/tls/tls.go:217.16,219.17 2 1
github.com/apimgr/search/src/tls/tls.go:219.17,221.4 1 1
github.com/apimgr/search/src/tls/tls.go:225.2,226.16 2 1
github.com/apimgr/search/src/tls/tls.go:226.16,228.3 1 0
github.com/apimgr/search/src/tls/tls.go:231.2,232.16 2 1
github.com/apimgr/search/src/tls/tls.go:232.16,234.3 1 0
github.com/apimgr/search/src/tls/tls.go:235.2,235.62 1 1
github.com/apimgr/search/src/tls/tls.go:235.62,237.3 1 0
github.com/apimgr/search/src/tls/tls.go:239.2,239.17 1 1
github.com/apimgr/search/src/tls/tls.go:243.50,244.25 1 1
github.com/apimgr/search/src/tls/tls.go:244.25,246.3 1 1
github.com/apimgr/search/src/tls/tls.go:249.2,253.69 3 0
github.com/apimgr/search/src/tls/tls.go:253.69,255.32 1 0
github.com/apimgr/search/src/tls/tls.go:255.32,257.67 2 0
github.com/apimgr/search/src/tls/tls.go:257.67,264.5 5 0
github.com/apimgr/search/src/tls/tls.go:269.2,275.16 3 0
github.com/apimgr/search/src/tls/tls.go:275.16,277.3 1 0
github.com/apimgr/search/src/tls/tls.go:280.2,280.79 1 0
github.com/apimgr/search/src/tls/tls.go:280.79,282.3 1 0
github.com/apimgr/search/src/tls/tls.go:283.2,283.77 1 0
github.com/apimgr/search/src/tls/tls.go:283.77,285.3 1 0
github.com/apimgr/search/src/tls/tls.go:288.2,289.16 2 0
github.com/apimgr/search/src/tls/tls.go:289.16,291.3 1 0
github.com/apimgr/search/src/tls/tls.go:293.2,298.12 5 0
github.com/apimgr/search/src/tls/tls.go:302.69,316.2 1 1
github.com/apimgr/search/src/tls/tls.go:320.68,321.25 1 1
github.com/apimgr/search/src/tls/tls.go:321.25,323.3 1 1
github.com/apimgr/search/src/tls/tls.go:326.2,327.16 2 0
github.com/apimgr/search/src/tls/tls.go:327.16,329.3 1 0
github.com/apimgr/search/src/tls/tls.go:332.2,332.22 1 0
github.com/apimgr/search/src/tls/tls.go:332.22,334.3 1 0
github.com/apimgr/search/src/tls/tls.go:336.2,337.35 2 0
github.com/apimgr/search/src/tls/tls.go:341.37,343.16 2 1
github.com/apimgr/search/src/tls/tls.go:343.16,346.3 2 1
github.com/apimgr/search/src/tls/tls.go:348.2,362.93 2 1
github.com/apimgr/search/src/tls/tls.go:366.46,370.2 3 1
github.com/apimgr/search/src/tls/tls.go:374.71,375.26 1 1
github.com/apimgr/search/src/tls/tls.go:375.26,377.3 1 1
github.com/apimgr/search/src/tls/tls.go:378.2,378.44 1 1
github.com/apimgr/search/src/tls/tls.go:382.36,384.2 1 1
github.com/apimgr/search/src/tls/tls.go:387.46,389.34 1 1
github.com/apimgr/search/src/tls/tls.go:389.34,391.3 1 1
github.com/apimgr/search/src/tls/tls.go:393.2,393.55 1 1
github.com/apimgr/search/src/tls/tls.go:393.55,395.3 1 1
github.com/apimgr/search/src/tls/tls.go:397.2,398.16 2 1
github.com/apimgr/search/src/tls/tls.go:398.16,400.3 1 1
github.com/apimgr/search/src/tls/tls.go:402.2,407.12 5 1
github.com/apimgr/search/src/tls/tls.go:411.66,416.74 1 1
github.com/apimgr/search/src/tls/tls.go:416.74,419.24 2 0
github.com/apimgr/search/src/tls/tls.go:419.24,421.5 1 0
github.com/apimgr/search/src/tls/tls.go:422.4,423.60 2 0
github.com/apimgr/search/src/tls/tls.go:427.2,427.12 1 1
github.com/apimgr/search/src/tls/tls.go:427.12,429.82 2 1
github.com/apimgr/search/src/tls/tls.go:429.82,431.4 1 0
github.com/apimgr/search/src/tls/tls.go:434.2,434.17 1 1
github.com/apimgr/search/src/tls/tls.go:448.52,452.62 3 1
github.com/apimgr/search/src/tls/tls.go:452.62,454.3 1 1
github.com/apimgr/search/src/tls/tls.go:456.2,457.22 2 1
github.com/apimgr/search/src/tls/tls.go:457.22,460.17 2 0
github.com/apimgr/search/src/tls/tls.go:460.17,462.4 1 0
github.com/apimgr/search/src/tls/tls.go:463.3,463.21 1 0
github.com/apimgr/search/src/tls/tls.go:466.2,474.8 2 1
